[+] Containers:
 |- [+] Container: /Game/ThirdPerson/Maps/ThirdPersonMap
 |   |- [+] ActorDescs:
 |   |   |- Guid:097674654CA46CDD65B3B6AE1ABABECF BaseClass:/Game/ThirdPerson/Blueprints/BP_SpawnPos.BP_SpawnPos_C NativeClass:/Script/Engine.Actor Name:BP_SpawnPos_C_UAID_0026B986B171C28B01_1311764088 Label:BP_SpawnPos SpatiallyLoaded:1 Bounds:IsValid=true, Min=(X=-3178.000 Y=-828.000 Z=422.063), Max=(X=-2922.000 Y=-572.000 Z=678.063) RuntimeGrid:None EditorOnly:0 RuntimeOnly:0 HLODRelevant:0 FolderPath:NewMap FolderGuid:5B5C5B15479AAD5A7ECC2EB1AC729902
 |   |   |- Guid:09C1458B43F4C0631732809B3215D51D BaseClass: NativeClass:/Script/Engine.StaticMeshActor Name:StaticMeshActor_UAID_0026B986B1714F8C01_1374382933 Label:SM_Cube23 SpatiallyLoaded:1 Bounds:IsValid=true, Min=(X=-3300.000 Y=9270.000 Z=1800.000), Max=(X=-2800.000 Y=9770.000 Z=1850.000) RuntimeGrid:None EditorOnly:0 RuntimeOnly:0 HLODRelevant:1 FolderPath:NewMap FolderGuid:5B5C5B15479AAD5A7ECC2EB1AC729902
 |   |   |- Guid:19F26C934858C15693A2CCAB31168B3B BaseClass:/Game/ThirdPerson/Blueprints/AI.AI_C NativeClass:/Script/Engine.Character Name:AI_C_UAID_0026B986B171508C01_1269800111 Label:AI2 SpatiallyLoaded:1 Bounds:IsValid=true, Min=(X=-3215.000 Y=12061.000 Z=1849.033), Max=(X=-3145.000 Y=12131.000 Z=2030.000) RuntimeGrid:None EditorOnly:0 RuntimeOnly:0 HLODRelevant:0
 |   |   |- Guid:1ACA571D490445FA1EA7A1B50FAFF5F0 BaseClass: NativeClass:/Script/Engine.TextRenderActor Name:TextRenderActor_UAID_0026B986B171508C01_1993504117 Label:TextRenderActor SpatiallyLoaded:1 Bounds:IsValid=true, Min=(X=-3230.385 Y=12450.000 Z=1985.000), Max=(X=-2890.000 Y=12450.000 Z=2135.000) RuntimeGrid:None EditorOnly:0 RuntimeOnly:0 HLODRelevant:0
 |   |   |- Guid:28F91CFF4C0FFDF9DEC67F84697FC75F BaseClass: NativeClass:/Script/Engine.PlayerStart Name:PlayerStart_UAID_0026B986B171C28B01_1527773089 Label:PlayerStart SpatiallyLoaded:0 Bounds:IsValid=true, Min=(X=-3070.000 Y=-720.000 Z=548.063), Max=(X=-3030.000 Y=-680.000 Z=732.063) RuntimeGrid:None EditorOnly:0 RuntimeOnly:0 HLODRelevant:0 FolderPath:NewMap FolderGuid:5B5C5B15479AAD5A7ECC2EB1AC729902
 |   |   |- Guid:2D7246E3487105E156D97DAB25FA92A6 BaseClass: NativeClass:/Script/Engine.StaticMeshActor Name:StaticMeshActor_UAID_0026B986B171508C01_1637818116 Label:SM_Cube27 SpatiallyLoaded:1 Bounds:IsValid=true, Min=(X=-3300.000 Y=12480.000 Z=1400.000), Max=(X=-2800.000 Y=12530.000 Z=2400.000) RuntimeGrid:None EditorOnly:0 RuntimeOnly:0 HLODRelevant:1 FolderPath:NewMap FolderGuid:5B5C5B15479AAD5A7ECC2EB1AC729902
 |   |   |- Guid:2FB58999456391D349DC0F86DAC136ED BaseClass: NativeClass:/Script/Engine.SkyLight Name:SkyLight_1 Label:SkyLight SpatiallyLoaded:0 Bounds:IsValid=true, Min=(X=0.000 Y=0.000 Z=690.000), Max=(X=0.000 Y=0.000 Z=690.000) RuntimeGrid:None EditorOnly:0 RuntimeOnly:0 HLODRelevant:0 FolderPath:Lighting FolderGuid:963EC3EB4002CCE9759E2EBA541A873A
 |   |   |- Guid:316CF2A6494ACA4C0E4180A87D36AB8F BaseClass: NativeClass:/Script/Engine.ExponentialHeightFog Name:ExponentialHeightFog_0 Label:ExponentialHeightFog SpatiallyLoaded:0 Bounds:IsValid=true, Min=(X=-5600.000 Y=-50.000 Z=-6850.000), Max=(X=-5600.000 Y=-50.000 Z=-6850.000) RuntimeGrid:None EditorOnly:0 RuntimeOnly:0 HLODRelevant:0 FolderPath:Lighting FolderGuid:963EC3EB4002CCE9759E2EBA541A873A
 |   |   |- Guid:34BF6A0949A4CF4C7DBD6FBBF4CF43EB BaseClass:/Game/ThirdPerson/Blueprints/AI.AI_C NativeClass:/Script/Engine.Character Name:AI_C_UAID_0026B986B1714E8C01_2091576755 Label:AI SpatiallyLoaded:1 Bounds:IsValid=true, Min=(X=-3105.000 Y=10431.000 Z=1849.033), Max=(X=-3035.000 Y=10501.000 Z=2030.000) RuntimeGrid:None EditorOnly:0 RuntimeOnly:0 HLODRelevant:0
 |   |   |- Guid:394E3CF3496FA51F2D693EBD3C9E4721 BaseClass:/Game/ThirdPerson/Blueprints/RotatePlatform.RotatePlatform_C NativeClass:/Script/Engine.Actor Name:RotatePlatform_C_UAID_0026B986B1714D8C01_1088396568 Label:RotatePlatform SpatiallyLoaded:1 Bounds:IsValid=true, Min=(X=-3175.000 Y=5940.000 Z=1247.500), Max=(X=-2905.000 Y=6200.000 Z=1570.000) RuntimeGrid:None EditorOnly:0 RuntimeOnly:0 HLODRelevant:0 FolderPath:NewMap FolderGuid:5B5C5B15479AAD5A7ECC2EB1AC729902
 |   |   |- Guid:3BB2435C4A5DB408F305909A2AB2F956 BaseClass:/Game/ThirdPerson/Blueprints/EndPoint.EndPoint_C NativeClass:/Script/Engine.Actor Name:EndPoint_C_UAID_0026B986B171528C01_1237453475 Label:EndPoint SpatiallyLoaded:1 Bounds:IsValid=true, Min=(X=-3100.000 Y=14100.000 Z=1390.000), Max=(X=-3000.000 Y=14200.000 Z=1490.000) RuntimeGrid:None EditorOnly:0 RuntimeOnly:0 HLODRelevant:0
 |   |   |- Guid:40DF63B4499C33D78252EB8A69535C26 BaseClass: NativeClass:/Script/Engine.StaticMeshActor Name:StaticMeshActor_UAID_0026B986B1714C8C01_1458867390 Label:Cylinder6 SpatiallyLoaded:1 Bounds:IsValid=true, Min=(X=-3220.000 Y=4010.000 Z=1265.000), Max=(X=-3120.000 Y=4110.000 Z=1515.000) RuntimeGrid:None EditorOnly:0 RuntimeOnly:0 HLODRelevant:1 Parent:423287044A4EB18BCCBB0F990899E0BF FolderPath:NewMap FolderGuid:5B5C5B15479AAD5A7ECC2EB1AC729902
 |   |   |- Guid:40FD55EB4C6746AEB3571CBB3249A64A BaseClass: NativeClass:/Script/Engine.StaticMeshActor Name:StaticMeshActor_UAID_0026B986B171508C01_1605208115 Label:SM_Cube26 SpatiallyLoaded:1 Bounds:IsValid=true, Min=(X=-3300.000 Y=12550.000 Z=1000.000), Max=(X=-2800.000 Y=13050.000 Z=1050.000) RuntimeGrid:None EditorOnly:0 RuntimeOnly:0 HLODRelevant:1 FolderPath:NewMap FolderGuid:5B5C5B15479AAD5A7ECC2EB1AC729902
 |   |   |- Guid:423287044A4EB18BCCBB0F990899E0BF BaseClass: NativeClass:/Script/Engine.StaticMeshActor Name:StaticMeshActor_UAID_0026B986B1714C8C01_1372669386 Label:SM_Cube18 SpatiallyLoaded:1 Bounds:IsValid=true, Min=(X=-3300.000 Y=4000.000 Z=1260.000), Max=(X=-2800.000 Y=4500.000 Z=1310.000) RuntimeGrid:None EditorOnly:0 RuntimeOnly:0 HLODRelevant:1 FolderPath:NewMap FolderGuid:5B5C5B15479AAD5A7ECC2EB1AC729902
 |   |   |- Guid:4D3BE93F4146AAAC8BBE79999D96D57F BaseClass: NativeClass:/Script/Engine.VolumetricCloud Name:VolumetricCloud_0 Label:VolumetricCloud SpatiallyLoaded:0 Bounds:IsValid=true, Min=(X=0.000 Y=0.000 Z=820.000), Max=(X=0.000 Y=0.000 Z=820.000) RuntimeGrid:None EditorOnly:0 RuntimeOnly:0 HLODRelevant:0 FolderPath:Lighting FolderGuid:963EC3EB4002CCE9759E2EBA541A873A
 |   |   |- Guid:512BB0EC44D0563F2A5493B5563898B2 BaseClass: NativeClass:/Script/NavigationSystem.NavMeshBoundsVolume Name:NavMeshBoundsVolume_UAID_0026B986B1714F8C01_2100228934 Label:NavMeshBoundsVolume2 SpatiallyLoaded:0 Bounds:IsValid=true, Min=(X=-3490.000 Y=8822.000 Z=1630.000), Max=(X=-2490.000 Y=12422.000 Z=2230.000) RuntimeGrid:None EditorOnly:0 RuntimeOnly:0 HLODRelevant:0
 |   |   |- Guid:51FF17974F808CADF5DE8498139C8899 BaseClass:/Game/ThirdPerson/Blueprints/MovingPlatform.MovingPlatform_C NativeClass:/Script/Engine.Actor Name:MovingPlatform_C_UAID_0026B986B171488C01_1115349672 Label:MovingPlatform SpatiallyLoaded:1 Bounds:IsValid=true, Min=(X=-3150.000 Y=600.000 Z=527.500), Max=(X=-2950.000 Y=800.000 Z=552.500) RuntimeGrid:None EditorOnly:0 RuntimeOnly:0 HLODRelevant:0 FolderPath:NewMap FolderGuid:5B5C5B15479AAD5A7ECC2EB1AC729902
 |   |   |- Guid:592ECC0943932563877074B62004D5C3 BaseClass: NativeClass:/Script/Engine.StaticMeshActor Name:StaticMeshActor_UAID_0026B986B171508C01_1401070114 Label:SM_Cube25 SpatiallyLoaded:1 Bounds:IsValid=true, Min=(X=-3300.000 Y=11770.000 Z=1800.000), Max=(X=-2800.000 Y=12270.000 Z=1850.000) RuntimeGrid:None EditorOnly:0 RuntimeOnly:0 HLODRelevant:1 FolderPath:NewMap FolderGuid:5B5C5B15479AAD5A7ECC2EB1AC729902
 |   |   |- Guid:5B3D8FD042C04FB72B68FE948C71F03D BaseClass: NativeClass:/Script/Engine.StaticMeshActor Name:StaticMeshActor_UAID_0026B986B1714C8C01_1451216389 Label:Cylinder5 SpatiallyLoaded:1 Bounds:IsValid=true, Min=(X=-3010.000 Y=4020.000 Z=1275.000), Max=(X=-2910.000 Y=4120.000 Z=1525.000) RuntimeGrid:None EditorOnly:0 RuntimeOnly:0 HLODRelevant:1 Parent:423287044A4EB18BCCBB0F990899E0BF FolderPath:NewMap FolderGuid:5B5C5B15479AAD5A7ECC2EB1AC729902
 |   |   |- Guid:5FAA9DC54E14AA2A95BA57A9A32C774B BaseClass:/Game/ThirdPerson/Blueprints/TriggerMovingPlatform.TriggerMovingPlatform_C NativeClass:/Script/Engine.Actor Name:TriggerMovingPlatform_C_UAID_0026B986B171518C01_1258463295 Label:TriggerMovingPlatform SpatiallyLoaded:1 Bounds:IsValid=true, Min=(X=-3110.000 Y=13400.000 Z=987.500), Max=(X=-2910.000 Y=13600.000 Z=1022.500) RuntimeGrid:None EditorOnly:0 RuntimeOnly:0 HLODRelevant:0
 |   |   |- Guid:6947990F43F4FFE201716EAD22BEF9DC BaseClass: NativeClass:/Script/Engine.StaticMeshActor Name:StaticMeshActor_UAID_0026B986B1714D8C01_1591541574 Label:SM_Cube22 SpatiallyLoaded:1 Bounds:IsValid=true, Min=(X=-3300.000 Y=8380.000 Z=1260.000), Max=(X=-2800.000 Y=8880.000 Z=1310.000) RuntimeGrid:None EditorOnly:0 RuntimeOnly:0 HLODRelevant:1 FolderPath:NewMap FolderGuid:5B5C5B15479AAD5A7ECC2EB1AC729902
 |   |   |- Guid:6BAF4DDD444C60371492D3919DB42C97 BaseClass: NativeClass:/Script/Engine.WorldDataLayers Name:WorldDataLayers Label:WorldDataLayers SpatiallyLoaded:0 Bounds:IsValid=true, Min=(X=0.000 Y=0.000 Z=0.000), Max=(X=0.000 Y=0.000 Z=0.000) RuntimeGrid:None EditorOnly:0 RuntimeOnly:0 HLODRelevant:0
 |   |   |- Guid:6C00C0604635C003A0702F86CC3EFE7B BaseClass: NativeClass:/Script/Engine.StaticMeshActor Name:StaticMeshActor_UAID_0026B986B1714C8C01_1783358391 Label:SM_Cube19 SpatiallyLoaded:1 Bounds:IsValid=true, Min=(X=-3300.000 Y=5210.000 Z=1260.000), Max=(X=-2800.000 Y=5710.000 Z=1310.000) RuntimeGrid:None EditorOnly:0 RuntimeOnly:0 HLODRelevant:1 FolderPath:NewMap FolderGuid:5B5C5B15479AAD5A7ECC2EB1AC729902
 |   |   |- Guid:6EC6320A48E99AA84EDC0EBCDD330971 BaseClass: NativeClass:/Script/Engine.StaticMeshActor Name:StaticMeshActor_UAID_0026B986B1714D8C01_1471781570 Label:SM_Cube20 SpatiallyLoaded:1 Bounds:IsValid=true, Min=(X=-2850.000 Y=6410.000 Z=1260.000), Max=(X=-2600.000 Y=6660.000 Z=1285.000) RuntimeGrid:None EditorOnly:0 RuntimeOnly:0 HLODRelevant:1 FolderPath:NewMap FolderGuid:5B5C5B15479AAD5A7ECC2EB1AC729902
 |   |   |- Guid:7852308144F18B426F6E899F652C961C BaseClass: NativeClass:/Script/Engine.StaticMeshActor Name:StaticMeshActor_UAID_0026B986B171C28B01_1863937090 Label:SM_Cube15 SpatiallyLoaded:1 Bounds:IsValid=true, Min=(X=-3300.000 Y=1700.000 Z=500.000), Max=(X=-2800.000 Y=2200.000 Z=550.000) RuntimeGrid:None EditorOnly:0 RuntimeOnly:0 HLODRelevant:1 FolderPath:NewMap FolderGuid:5B5C5B15479AAD5A7ECC2EB1AC729902
 |   |   |- Guid:792BEF1F4CC369EAC33BCC9182D2BCF8 BaseClass: NativeClass:/Script/Engine.StaticMeshActor Name:StaticMeshActor_UAID_0026B986B1714C8C01_1431532387 Label:Cylinder3 SpatiallyLoaded:1 Bounds:IsValid=true, Min=(X=-2930.000 Y=4010.000 Z=1260.000), Max=(X=-2830.000 Y=4110.000 Z=1560.000) RuntimeGrid:None EditorOnly:0 RuntimeOnly:0 HLODRelevant:1 Parent:423287044A4EB18BCCBB0F990899E0BF FolderPath:NewMap FolderGuid:5B5C5B15479AAD5A7ECC2EB1AC729902
 |   |   |- Guid:7D4DD3444E7029A53D2A25904861FBFF BaseClass: NativeClass:/Script/Engine.StaticMeshActor Name:StaticMeshActor_UAID_0026B986B171B48B01_1867234630 Label:SM_Cube14 SpatiallyLoaded:1 Bounds:IsValid=true, Min=(X=-3300.000 Y=0.000 Z=500.000), Max=(X=-2800.000 Y=500.000 Z=550.000) RuntimeGrid:None EditorOnly:0 RuntimeOnly:0 HLODRelevant:1 FolderPath:NewMap FolderGuid:5B5C5B15479AAD5A7ECC2EB1AC729902
 |   |   |- Guid:80D4EAAC41B260931E43B78661AA078B BaseClass: NativeClass:/Script/Engine.StaticMeshActor Name:StaticMeshActor_UAID_0026B986B1714A8C01_1297796031 Label:SM_Cube16 SpatiallyLoaded:1 Bounds:IsValid=true, Min=(X=-3300.000 Y=3100.000 Z=500.000), Max=(X=-2800.000 Y=3600.000 Z=550.000) RuntimeGrid:None EditorOnly:0 RuntimeOnly:0 HLODRelevant:1 FolderPath:NewMap FolderGuid:5B5C5B15479AAD5A7ECC2EB1AC729902
 |   |   |- Guid:816FEC774A4CDE79701D7BAF2C9ACD92 BaseClass: NativeClass:/Script/Engine.StaticMeshActor Name:StaticMeshActor_UAID_0026B986B1714C8C01_1442756388 Label:Cylinder4 SpatiallyLoaded:1 Bounds:IsValid=true, Min=(X=-3270.000 Y=4010.000 Z=1280.000), Max=(X=-3170.000 Y=4110.000 Z=1580.000) RuntimeGrid:None EditorOnly:0 RuntimeOnly:0 HLODRelevant:1 Parent:423287044A4EB18BCCBB0F990899E0BF FolderPath:NewMap FolderGuid:5B5C5B15479AAD5A7ECC2EB1AC729902
 |   |   |- Guid:843D6B2147D0E91AB18D5694E71187BF BaseClass:/Game/ThirdPerson/Blueprints/RotatePlatform.RotatePlatform_C NativeClass:/Script/Engine.Actor Name:RotatePlatform_C_UAID_0026B986B1714D8C01_1529294571 Label:RotatePlatform2 SpatiallyLoaded:1 Bounds:IsValid=true, Min=(X=-3175.000 Y=6890.000 Z=1247.500), Max=(X=-2905.000 Y=7150.000 Z=1570.000) RuntimeGrid:None EditorOnly:0 RuntimeOnly:0 HLODRelevant:0 FolderPath:NewMap FolderGuid:5B5C5B15479AAD5A7ECC2EB1AC729902
 |   |   |- Guid:9AE3415D461C7CE55C4B13A7BE8E3CC1 BaseClass: NativeClass:/Script/Engine.StaticMeshActor Name:StaticMeshActor_UAID_0026B986B1714D8C01_1547259572 Label:SM_Cube21 SpatiallyLoaded:1 Bounds:IsValid=true, Min=(X=-3540.000 Y=7340.000 Z=1260.000), Max=(X=-3290.000 Y=7590.000 Z=1285.000) RuntimeGrid:None EditorOnly:0 RuntimeOnly:0 HLODRelevant:1 FolderPath:NewMap FolderGuid:5B5C5B15479AAD5A7ECC2EB1AC729902
 |   |   |- Guid:9BE6CEB040071524033AFF837E39BACA BaseClass:/Game/ThirdPerson/Blueprints/MovingPlatform.MovingPlatform_C NativeClass:/Script/Engine.Actor Name:MovingPlatform_C_UAID_0026B986B1714F8C01_1335673932 Label:MovingPlatform2 SpatiallyLoaded:1 Bounds:IsValid=true, Min=(X=-3140.000 Y=8970.000 Z=1277.500), Max=(X=-2940.000 Y=9170.000 Z=1302.500) RuntimeGrid:None EditorOnly:0 RuntimeOnly:0 HLODRelevant:0 FolderPath:NewMap FolderGuid:5B5C5B15479AAD5A7ECC2EB1AC729902
 |   |   |- Guid:A97CDCC046CF5E1A45A331BCD69032F9 BaseClass:/Game/ThirdPerson/Blueprints/AI.AI_C NativeClass:/Script/Engine.Character Name:AI_C_UAID_0026B986B171508C01_1276016112 Label:AI3 SpatiallyLoaded:1 Bounds:IsValid=true, Min=(X=-3105.000 Y=9521.000 Z=1849.033), Max=(X=-3035.000 Y=9591.000 Z=2030.000) RuntimeGrid:None EditorOnly:0 RuntimeOnly:0 HLODRelevant:0
 |   |   |- Guid:B2570C7D462C5921BD60298A924E1A94 BaseClass: NativeClass:/Script/Engine.StaticMeshActor Name:StaticMeshActor_UAID_0026B986B171508C01_1348562113 Label:SM_Cube24 SpatiallyLoaded:1 Bounds:IsValid=true, Min=(X=-3130.000 Y=9770.000 Z=1800.000), Max=(X=-2980.000 Y=11770.000 Z=1850.000) RuntimeGrid:None EditorOnly:0 RuntimeOnly:0 HLODRelevant:1 FolderPath:NewMap FolderGuid:5B5C5B15479AAD5A7ECC2EB1AC729902
 |   |   |- Guid:B785ED2844B84CFB91E7F39FE661CD99 BaseClass: NativeClass:/Script/Engine.DirectionalLight Name:DirectionalLight_0 Label:DirectionalLight SpatiallyLoaded:0 Bounds:IsValid=true, Min=(X=-1048576.000 Y=-1048576.000 Z=-1048576.000), Max=(X=1048576.000 Y=1048576.000 Z=1048576.000) RuntimeGrid:None EditorOnly:0 RuntimeOnly:0 HLODRelevant:0 FolderPath:Lighting FolderGuid:963EC3EB4002CCE9759E2EBA541A873A
 |   |   |- Guid:C6E368524FF99AF5EEBDCA84BEC17455 BaseClass: NativeClass:/Script/Engine.StaticMeshActor Name:StaticMeshActor_UAID_0026B986B1714A8C01_1723081032 Label:SM_Cube17 SpatiallyLoaded:1 Bounds:IsValid=true, Min=(X=-3300.000 Y=-950.000 Z=500.000), Max=(X=-2800.000 Y=-450.000 Z=550.000) RuntimeGrid:None EditorOnly:0 RuntimeOnly:0 HLODRelevant:1 FolderPath:NewMap FolderGuid:5B5C5B15479AAD5A7ECC2EB1AC729902
 |   |   |- Guid:CBF04EFF46629DDD94AF7DA9CC78B282 BaseClass:/Game/ThirdPerson/Blueprints/RotatePlatform.RotatePlatform_C NativeClass:/Script/Engine.Actor Name:RotatePlatform_C_UAID_0026B986B1714D8C01_1569169573 Label:RotatePlatform3 SpatiallyLoaded:1 Bounds:IsValid=true, Min=(X=-3175.000 Y=7770.000 Z=1247.500), Max=(X=-2905.000 Y=8030.000 Z=1570.000) RuntimeGrid:None EditorOnly:0 RuntimeOnly:0 HLODRelevant:0 FolderPath:NewMap FolderGuid:5B5C5B15479AAD5A7ECC2EB1AC729902
 |   |   |- Guid:CCFF262C46EEFFDF319E7F9539CE697E BaseClass: NativeClass:/Script/Engine.SkyAtmosphere Name:SkyAtmosphere_0 Label:SkyAtmosphere SpatiallyLoaded:0 Bounds:IsValid=true, Min=(X=0.000 Y=0.000 Z=1020.000), Max=(X=0.000 Y=0.000 Z=1020.000) RuntimeGrid:None EditorOnly:0 RuntimeOnly:0 HLODRelevant:0 FolderPath:Lighting FolderGuid:963EC3EB4002CCE9759E2EBA541A873A
 |   |   |- Guid:CE81DCCF40BA6F41059DD0B44E366491 BaseClass: NativeClass:/Script/Engine.StaticMeshActor Name:StaticMeshActor_UAID_0026B986B171528C01_1212076473 Label:SM_Cube28 SpatiallyLoaded:1 Bounds:IsValid=true, Min=(X=-3300.000 Y=13800.000 Z=1420.000), Max=(X=-2800.000 Y=14300.000 Z=1470.000) RuntimeGrid:None EditorOnly:0 RuntimeOnly:0 HLODRelevant:1 FolderPath:NewMap FolderGuid:5B5C5B15479AAD5A7ECC2EB1AC729902
 |   |   |- Guid:D11B362A4AAEFB59B2BF1D87CF135FF1 BaseClass: NativeClass:/Script/Engine.StaticMeshActor Name:StaticMeshActor_UAID_0026B986B1714A8C01_1198459026 Label:Cylinder SpatiallyLoaded:1 Bounds:IsValid=true, Min=(X=-2908.333 Y=2140.000 Z=550.063), Max=(X=-2825.000 Y=2240.000 Z=650.063) RuntimeGrid:None EditorOnly:0 RuntimeOnly:0 HLODRelevant:1 Parent:7852308144F18B426F6E899F652C961C FolderPath:NewMap FolderGuid:5B5C5B15479AAD5A7ECC2EB1AC729902
 |   |   |- Guid:E7FD94994FAAE2FC1EF434B27B4FDD9C BaseClass:/Game/ThirdPerson/Blueprints/AI.AI_C NativeClass:/Script/Engine.Character Name:AI_C_UAID_0026B986B171558C01_1185909004 Label:AI4 SpatiallyLoaded:1 Bounds:IsValid=true, Min=(X=-3025.000 Y=-615.000 Z=549.033), Max=(X=-2955.000 Y=-545.000 Z=730.000) RuntimeGrid:None EditorOnly:0 RuntimeOnly:0 HLODRelevant:0
 |   |   |- Guid:E82C21FD414C5F7AF8961CB8E9A2AFE5 BaseClass: NativeClass:/Script/Engine.StaticMeshActor Name:StaticMeshActor_UAID_0026B986B1714A8C01_1269270030 Label:Cylinder2 SpatiallyLoaded:1 Bounds:IsValid=true, Min=(X=-2933.333 Y=2100.000 Z=510.000), Max=(X=-2850.000 Y=2200.000 Z=610.000) RuntimeGrid:None EditorOnly:0 RuntimeOnly:0 HLODRelevant:1 Parent:7852308144F18B426F6E899F652C961C FolderPath:NewMap FolderGuid:5B5C5B15479AAD5A7ECC2EB1AC729902
 |   |   |- Guid:EC4E0C944CE6AC6E784BC6BB2916EA13 BaseClass: NativeClass:/Script/Engine.StaticMeshActor Name:StaticMeshActor_UAID_A4AE111137DC5EFB00_1110535423 Label:SM_SkySphere SpatiallyLoaded:0 Bounds:IsValid=true, Min=(X=-1638400.000 Y=-1638740.000 Z=-1638400.000), Max=(X=1638400.000 Y=1638060.000 Z=1638400.000) RuntimeGrid:None EditorOnly:0 RuntimeOnly:0 HLODRelevant:1 FolderPath:Lighting FolderGuid:963EC3EB4002CCE9759E2EBA541A873A
 |   |   |- Guid:F5E3FEB3450C49844FD93DA8E083C8AD BaseClass: NativeClass:/Script/Engine.PostProcessVolume Name:PostProcessVolume_0 Label:PostProcessVolume SpatiallyLoaded:0 Bounds:IsValid=true, Min=(X=0.000 Y=0.000 Z=400.000), Max=(X=200.000 Y=200.000 Z=600.000) RuntimeGrid:None EditorOnly:0 RuntimeOnly:0 HLODRelevant:0 FolderPath:Lighting FolderGuid:963EC3EB4002CCE9759E2EBA541A873A
 |   |   |- Guid:FCC86BFF4B88232132BB3AA619CEF077 BaseClass: NativeClass:/Script/NavigationSystem.RecastNavMesh Name:RecastNavMesh_UAID_0026B986B1714E8C01-Default Label:RecastNavMesh-Default SpatiallyLoaded:0 Bounds:IsValid=true, Min=(X=0.000 Y=0.000 Z=0.000), Max=(X=0.000 Y=0.000 Z=0.000) RuntimeGrid:None EditorOnly:0 RuntimeOnly:0 HLODRelevant:0
 |   |- [+] Clusters:
 |   |   |- [+] [  0]
 |   |   |   |- Guid:6BAF4DDD444C60371492D3919DB42C97 BaseClass: NativeClass:/Script/Engine.WorldDataLayers Name:WorldDataLayers Label:WorldDataLayers SpatiallyLoaded:0 Bounds:IsValid=true, Min=(X=0.000 Y=0.000 Z=0.000), Max=(X=0.000 Y=0.000 Z=0.000) RuntimeGrid:None EditorOnly:0 RuntimeOnly:0 HLODRelevant:0
 |   |   |- [+] [  1]
 |   |   |   |- Guid:7D4DD3444E7029A53D2A25904861FBFF BaseClass: NativeClass:/Script/Engine.StaticMeshActor Name:StaticMeshActor_UAID_0026B986B171B48B01_1867234630 Label:SM_Cube14 SpatiallyLoaded:1 Bounds:IsValid=true, Min=(X=-3300.000 Y=0.000 Z=500.000), Max=(X=-2800.000 Y=500.000 Z=550.000) RuntimeGrid:None EditorOnly:0 RuntimeOnly:0 HLODRelevant:1 FolderPath:NewMap FolderGuid:5B5C5B15479AAD5A7ECC2EB1AC729902
 |   |   |- [+] [  2]
 |   |   |   |- Guid:097674654CA46CDD65B3B6AE1ABABECF BaseClass:/Game/ThirdPerson/Blueprints/BP_SpawnPos.BP_SpawnPos_C NativeClass:/Script/Engine.Actor Name:BP_SpawnPos_C_UAID_0026B986B171C28B01_1311764088 Label:BP_SpawnPos SpatiallyLoaded:1 Bounds:IsValid=true, Min=(X=-3178.000 Y=-828.000 Z=422.063), Max=(X=-2922.000 Y=-572.000 Z=678.063) RuntimeGrid:None EditorOnly:0 RuntimeOnly:0 HLODRelevant:0 FolderPath:NewMap FolderGuid:5B5C5B15479AAD5A7ECC2EB1AC729902
 |   |   |- [+] [  3]
 |   |   |   |- Guid:F5E3FEB3450C49844FD93DA8E083C8AD BaseClass: NativeClass:/Script/Engine.PostProcessVolume Name:PostProcessVolume_0 Label:PostProcessVolume SpatiallyLoaded:0 Bounds:IsValid=true, Min=(X=0.000 Y=0.000 Z=400.000), Max=(X=200.000 Y=200.000 Z=600.000) RuntimeGrid:None EditorOnly:0 RuntimeOnly:0 HLODRelevant:0 FolderPath:Lighting FolderGuid:963EC3EB4002CCE9759E2EBA541A873A
 |   |   |- [+] [  4]
 |   |   |   |- Guid:1ACA571D490445FA1EA7A1B50FAFF5F0 BaseClass: NativeClass:/Script/Engine.TextRenderActor Name:TextRenderActor_UAID_0026B986B171508C01_1993504117 Label:TextRenderActor SpatiallyLoaded:1 Bounds:IsValid=true, Min=(X=-3230.385 Y=12450.000 Z=1985.000), Max=(X=-2890.000 Y=12450.000 Z=2135.000) RuntimeGrid:None EditorOnly:0 RuntimeOnly:0 HLODRelevant:0
 |   |   |- [+] [  5]
 |   |   |   |- Guid:4D3BE93F4146AAAC8BBE79999D96D57F BaseClass: NativeClass:/Script/Engine.VolumetricCloud Name:VolumetricCloud_0 Label:VolumetricCloud SpatiallyLoaded:0 Bounds:IsValid=true, Min=(X=0.000 Y=0.000 Z=820.000), Max=(X=0.000 Y=0.000 Z=820.000) RuntimeGrid:None EditorOnly:0 RuntimeOnly:0 HLODRelevant:0 FolderPath:Lighting FolderGuid:963EC3EB4002CCE9759E2EBA541A873A
 |   |   |- [+] [  6]
 |   |   |   |- Guid:51FF17974F808CADF5DE8498139C8899 BaseClass:/Game/ThirdPerson/Blueprints/MovingPlatform.MovingPlatform_C NativeClass:/Script/Engine.Actor Name:MovingPlatform_C_UAID_0026B986B171488C01_1115349672 Label:MovingPlatform SpatiallyLoaded:1 Bounds:IsValid=true, Min=(X=-3150.000 Y=600.000 Z=527.500), Max=(X=-2950.000 Y=800.000 Z=552.500) RuntimeGrid:None EditorOnly:0 RuntimeOnly:0 HLODRelevant:0 FolderPath:NewMap FolderGuid:5B5C5B15479AAD5A7ECC2EB1AC729902
 |   |   |- [+] [  7]
 |   |   |   |- Guid:CCFF262C46EEFFDF319E7F9539CE697E BaseClass: NativeClass:/Script/Engine.SkyAtmosphere Name:SkyAtmosphere_0 Label:SkyAtmosphere SpatiallyLoaded:0 Bounds:IsValid=true, Min=(X=0.000 Y=0.000 Z=1020.000), Max=(X=0.000 Y=0.000 Z=1020.000) RuntimeGrid:None EditorOnly:0 RuntimeOnly:0 HLODRelevant:0 FolderPath:Lighting FolderGuid:963EC3EB4002CCE9759E2EBA541A873A
 |   |   |- [+] [  8]
 |   |   |   |- Guid:EC4E0C944CE6AC6E784BC6BB2916EA13 BaseClass: NativeClass:/Script/Engine.StaticMeshActor Name:StaticMeshActor_UAID_A4AE111137DC5EFB00_1110535423 Label:SM_SkySphere SpatiallyLoaded:0 Bounds:IsValid=true, Min=(X=-1638400.000 Y=-1638740.000 Z=-1638400.000), Max=(X=1638400.000 Y=1638060.000 Z=1638400.000) RuntimeGrid:None EditorOnly:0 RuntimeOnly:0 HLODRelevant:1 FolderPath:Lighting FolderGuid:963EC3EB4002CCE9759E2EBA541A873A
 |   |   |- [+] [  9]
 |   |   |   |- Guid:B785ED2844B84CFB91E7F39FE661CD99 BaseClass: NativeClass:/Script/Engine.DirectionalLight Name:DirectionalLight_0 Label:DirectionalLight SpatiallyLoaded:0 Bounds:IsValid=true, Min=(X=-1048576.000 Y=-1048576.000 Z=-1048576.000), Max=(X=1048576.000 Y=1048576.000 Z=1048576.000) RuntimeGrid:None EditorOnly:0 RuntimeOnly:0 HLODRelevant:0 FolderPath:Lighting FolderGuid:963EC3EB4002CCE9759E2EBA541A873A
 |   |   |- [+] [ 10]
 |   |   |   |- Guid:316CF2A6494ACA4C0E4180A87D36AB8F BaseClass: NativeClass:/Script/Engine.ExponentialHeightFog Name:ExponentialHeightFog_0 Label:ExponentialHeightFog SpatiallyLoaded:0 Bounds:IsValid=true, Min=(X=-5600.000 Y=-50.000 Z=-6850.000), Max=(X=-5600.000 Y=-50.000 Z=-6850.000) RuntimeGrid:None EditorOnly:0 RuntimeOnly:0 HLODRelevant:0 FolderPath:Lighting FolderGuid:963EC3EB4002CCE9759E2EBA541A873A
 |   |   |- [+] [ 11]
 |   |   |   |- Guid:2FB58999456391D349DC0F86DAC136ED BaseClass: NativeClass:/Script/Engine.SkyLight Name:SkyLight_1 Label:SkyLight SpatiallyLoaded:0 Bounds:IsValid=true, Min=(X=0.000 Y=0.000 Z=690.000), Max=(X=0.000 Y=0.000 Z=690.000) RuntimeGrid:None EditorOnly:0 RuntimeOnly:0 HLODRelevant:0 FolderPath:Lighting FolderGuid:963EC3EB4002CCE9759E2EBA541A873A
 |   |   |- [+] [ 12]
 |   |   |   |- Guid:3BB2435C4A5DB408F305909A2AB2F956 BaseClass:/Game/ThirdPerson/Blueprints/EndPoint.EndPoint_C NativeClass:/Script/Engine.Actor Name:EndPoint_C_UAID_0026B986B171528C01_1237453475 Label:EndPoint SpatiallyLoaded:1 Bounds:IsValid=true, Min=(X=-3100.000 Y=14100.000 Z=1390.000), Max=(X=-3000.000 Y=14200.000 Z=1490.000) RuntimeGrid:None EditorOnly:0 RuntimeOnly:0 HLODRelevant:0
 |   |   |- [+] [ 13]
 |   |   |   |- Guid:CE81DCCF40BA6F41059DD0B44E366491 BaseClass: NativeClass:/Script/Engine.StaticMeshActor Name:StaticMeshActor_UAID_0026B986B171528C01_1212076473 Label:SM_Cube28 SpatiallyLoaded:1 Bounds:IsValid=true, Min=(X=-3300.000 Y=13800.000 Z=1420.000), Max=(X=-2800.000 Y=14300.000 Z=1470.000) RuntimeGrid:None EditorOnly:0 RuntimeOnly:0 HLODRelevant:1 FolderPath:NewMap FolderGuid:5B5C5B15479AAD5A7ECC2EB1AC729902
 |   |   |- [+] [ 14]
 |   |   |   |- Guid:5FAA9DC54E14AA2A95BA57A9A32C774B BaseClass:/Game/ThirdPerson/Blueprints/TriggerMovingPlatform.TriggerMovingPlatform_C NativeClass:/Script/Engine.Actor Name:TriggerMovingPlatform_C_UAID_0026B986B171518C01_1258463295 Label:TriggerMovingPlatform SpatiallyLoaded:1 Bounds:IsValid=true, Min=(X=-3110.000 Y=13400.000 Z=987.500), Max=(X=-2910.000 Y=13600.000 Z=1022.500) RuntimeGrid:None EditorOnly:0 RuntimeOnly:0 HLODRelevant:0
 |   |   |- [+] [ 15]
 |   |   |   |- Guid:2D7246E3487105E156D97DAB25FA92A6 BaseClass: NativeClass:/Script/Engine.StaticMeshActor Name:StaticMeshActor_UAID_0026B986B171508C01_1637818116 Label:SM_Cube27 SpatiallyLoaded:1 Bounds:IsValid=true, Min=(X=-3300.000 Y=12480.000 Z=1400.000), Max=(X=-2800.000 Y=12530.000 Z=2400.000) RuntimeGrid:None EditorOnly:0 RuntimeOnly:0 HLODRelevant:1 FolderPath:NewMap FolderGuid:5B5C5B15479AAD5A7ECC2EB1AC729902
 |   |   |- [+] [ 16]
 |   |   |   |- Guid:80D4EAAC41B260931E43B78661AA078B BaseClass: NativeClass:/Script/Engine.StaticMeshActor Name:StaticMeshActor_UAID_0026B986B1714A8C01_1297796031 Label:SM_Cube16 SpatiallyLoaded:1 Bounds:IsValid=true, Min=(X=-3300.000 Y=3100.000 Z=500.000), Max=(X=-2800.000 Y=3600.000 Z=550.000) RuntimeGrid:None EditorOnly:0 RuntimeOnly:0 HLODRelevant:1 FolderPath:NewMap FolderGuid:5B5C5B15479AAD5A7ECC2EB1AC729902
 |   |   |- [+] [ 17]
 |   |   |   |- Guid:40FD55EB4C6746AEB3571CBB3249A64A BaseClass: NativeClass:/Script/Engine.StaticMeshActor Name:StaticMeshActor_UAID_0026B986B171508C01_1605208115 Label:SM_Cube26 SpatiallyLoaded:1 Bounds:IsValid=true, Min=(X=-3300.000 Y=12550.000 Z=1000.000), Max=(X=-2800.000 Y=13050.000 Z=1050.000) RuntimeGrid:None EditorOnly:0 RuntimeOnly:0 HLODRelevant:1 FolderPath:NewMap FolderGuid:5B5C5B15479AAD5A7ECC2EB1AC729902
 |   |   |- [+] [ 18]
 |   |   |   |- Guid:592ECC0943932563877074B62004D5C3 BaseClass: NativeClass:/Script/Engine.StaticMeshActor Name:StaticMeshActor_UAID_0026B986B171508C01_1401070114 Label:SM_Cube25 SpatiallyLoaded:1 Bounds:IsValid=true, Min=(X=-3300.000 Y=11770.000 Z=1800.000), Max=(X=-2800.000 Y=12270.000 Z=1850.000) RuntimeGrid:None EditorOnly:0 RuntimeOnly:0 HLODRelevant:1 FolderPath:NewMap FolderGuid:5B5C5B15479AAD5A7ECC2EB1AC729902
 |   |   |- [+] [ 19]
 |   |   |   |- Guid:B2570C7D462C5921BD60298A924E1A94 BaseClass: NativeClass:/Script/Engine.StaticMeshActor Name:StaticMeshActor_UAID_0026B986B171508C01_1348562113 Label:SM_Cube24 SpatiallyLoaded:1 Bounds:IsValid=true, Min=(X=-3130.000 Y=9770.000 Z=1800.000), Max=(X=-2980.000 Y=11770.000 Z=1850.000) RuntimeGrid:None EditorOnly:0 RuntimeOnly:0 HLODRelevant:1 FolderPath:NewMap FolderGuid:5B5C5B15479AAD5A7ECC2EB1AC729902
 |   |   |- [+] [ 20]
 |   |   |   |- Guid:A97CDCC046CF5E1A45A331BCD69032F9 BaseClass:/Game/ThirdPerson/Blueprints/AI.AI_C NativeClass:/Script/Engine.Character Name:AI_C_UAID_0026B986B171508C01_1276016112 Label:AI3 SpatiallyLoaded:1 Bounds:IsValid=true, Min=(X=-3105.000 Y=9521.000 Z=1849.033), Max=(X=-3035.000 Y=9591.000 Z=2030.000) RuntimeGrid:None EditorOnly:0 RuntimeOnly:0 HLODRelevant:0
 |   |   |- [+] [ 21]
 |   |   |   |- Guid:19F26C934858C15693A2CCAB31168B3B BaseClass:/Game/ThirdPerson/Blueprints/AI.AI_C NativeClass:/Script/Engine.Character Name:AI_C_UAID_0026B986B171508C01_1269800111 Label:AI2 SpatiallyLoaded:1 Bounds:IsValid=true, Min=(X=-3215.000 Y=12061.000 Z=1849.033), Max=(X=-3145.000 Y=12131.000 Z=2030.000) RuntimeGrid:None EditorOnly:0 RuntimeOnly:0 HLODRelevant:0
 |   |   |- [+] [ 22]
 |   |   |   |- Guid:09C1458B43F4C0631732809B3215D51D BaseClass: NativeClass:/Script/Engine.StaticMeshActor Name:StaticMeshActor_UAID_0026B986B1714F8C01_1374382933 Label:SM_Cube23 SpatiallyLoaded:1 Bounds:IsValid=true, Min=(X=-3300.000 Y=9270.000 Z=1800.000), Max=(X=-2800.000 Y=9770.000 Z=1850.000) RuntimeGrid:None EditorOnly:0 RuntimeOnly:0 HLODRelevant:1 FolderPath:NewMap FolderGuid:5B5C5B15479AAD5A7ECC2EB1AC729902
 |   |   |- [+] [ 23]
 |   |   |   |- Guid:9BE6CEB040071524033AFF837E39BACA BaseClass:/Game/ThirdPerson/Blueprints/MovingPlatform.MovingPlatform_C NativeClass:/Script/Engine.Actor Name:MovingPlatform_C_UAID_0026B986B1714F8C01_1335673932 Label:MovingPlatform2 SpatiallyLoaded:1 Bounds:IsValid=true, Min=(X=-3140.000 Y=8970.000 Z=1277.500), Max=(X=-2940.000 Y=9170.000 Z=1302.500) RuntimeGrid:None EditorOnly:0 RuntimeOnly:0 HLODRelevant:0 FolderPath:NewMap FolderGuid:5B5C5B15479AAD5A7ECC2EB1AC729902
 |   |   |- [+] [ 24]
 |   |   |   |- Guid:FCC86BFF4B88232132BB3AA619CEF077 BaseClass: NativeClass:/Script/NavigationSystem.RecastNavMesh Name:RecastNavMesh_UAID_0026B986B1714E8C01-Default Label:RecastNavMesh-Default SpatiallyLoaded:0 Bounds:IsValid=true, Min=(X=0.000 Y=0.000 Z=0.000), Max=(X=0.000 Y=0.000 Z=0.000) RuntimeGrid:None EditorOnly:0 RuntimeOnly:0 HLODRelevant:0
 |   |   |- [+] [ 25]
 |   |   |   |- Guid:512BB0EC44D0563F2A5493B5563898B2 BaseClass: NativeClass:/Script/NavigationSystem.NavMeshBoundsVolume Name:NavMeshBoundsVolume_UAID_0026B986B1714F8C01_2100228934 Label:NavMeshBoundsVolume2 SpatiallyLoaded:0 Bounds:IsValid=true, Min=(X=-3490.000 Y=8822.000 Z=1630.000), Max=(X=-2490.000 Y=12422.000 Z=2230.000) RuntimeGrid:None EditorOnly:0 RuntimeOnly:0 HLODRelevant:0
 |   |   |- [+] [ 26]
 |   |   |   |- Guid:28F91CFF4C0FFDF9DEC67F84697FC75F BaseClass: NativeClass:/Script/Engine.PlayerStart Name:PlayerStart_UAID_0026B986B171C28B01_1527773089 Label:PlayerStart SpatiallyLoaded:0 Bounds:IsValid=true, Min=(X=-3070.000 Y=-720.000 Z=548.063), Max=(X=-3030.000 Y=-680.000 Z=732.063) RuntimeGrid:None EditorOnly:0 RuntimeOnly:0 HLODRelevant:0 FolderPath:NewMap FolderGuid:5B5C5B15479AAD5A7ECC2EB1AC729902
 |   |   |- [+] [ 27]
 |   |   |   |- Guid:C6E368524FF99AF5EEBDCA84BEC17455 BaseClass: NativeClass:/Script/Engine.StaticMeshActor Name:StaticMeshActor_UAID_0026B986B1714A8C01_1723081032 Label:SM_Cube17 SpatiallyLoaded:1 Bounds:IsValid=true, Min=(X=-3300.000 Y=-950.000 Z=500.000), Max=(X=-2800.000 Y=-450.000 Z=550.000) RuntimeGrid:None EditorOnly:0 RuntimeOnly:0 HLODRelevant:1 FolderPath:NewMap FolderGuid:5B5C5B15479AAD5A7ECC2EB1AC729902
 |   |   |- [+] [ 28]
 |   |   |   |- Guid:34BF6A0949A4CF4C7DBD6FBBF4CF43EB BaseClass:/Game/ThirdPerson/Blueprints/AI.AI_C NativeClass:/Script/Engine.Character Name:AI_C_UAID_0026B986B1714E8C01_2091576755 Label:AI SpatiallyLoaded:1 Bounds:IsValid=true, Min=(X=-3105.000 Y=10431.000 Z=1849.033), Max=(X=-3035.000 Y=10501.000 Z=2030.000) RuntimeGrid:None EditorOnly:0 RuntimeOnly:0 HLODRelevant:0
 |   |   |- [+] [ 29]
 |   |   |   |- Guid:D11B362A4AAEFB59B2BF1D87CF135FF1 BaseClass: NativeClass:/Script/Engine.StaticMeshActor Name:StaticMeshActor_UAID_0026B986B1714A8C01_1198459026 Label:Cylinder SpatiallyLoaded:1 Bounds:IsValid=true, Min=(X=-2908.333 Y=2140.000 Z=550.063), Max=(X=-2825.000 Y=2240.000 Z=650.063) RuntimeGrid:None EditorOnly:0 RuntimeOnly:0 HLODRelevant:1 Parent:7852308144F18B426F6E899F652C961C FolderPath:NewMap FolderGuid:5B5C5B15479AAD5A7ECC2EB1AC729902
 |   |   |   |- Guid:E82C21FD414C5F7AF8961CB8E9A2AFE5 BaseClass: NativeClass:/Script/Engine.StaticMeshActor Name:StaticMeshActor_UAID_0026B986B1714A8C01_1269270030 Label:Cylinder2 SpatiallyLoaded:1 Bounds:IsValid=true, Min=(X=-2933.333 Y=2100.000 Z=510.000), Max=(X=-2850.000 Y=2200.000 Z=610.000) RuntimeGrid:None EditorOnly:0 RuntimeOnly:0 HLODRelevant:1 Parent:7852308144F18B426F6E899F652C961C FolderPath:NewMap FolderGuid:5B5C5B15479AAD5A7ECC2EB1AC729902
 |   |   |   |- Guid:7852308144F18B426F6E899F652C961C BaseClass: NativeClass:/Script/Engine.StaticMeshActor Name:StaticMeshActor_UAID_0026B986B171C28B01_1863937090 Label:SM_Cube15 SpatiallyLoaded:1 Bounds:IsValid=true, Min=(X=-3300.000 Y=1700.000 Z=500.000), Max=(X=-2800.000 Y=2200.000 Z=550.000) RuntimeGrid:None EditorOnly:0 RuntimeOnly:0 HLODRelevant:1 FolderPath:NewMap FolderGuid:5B5C5B15479AAD5A7ECC2EB1AC729902
 |   |   |- [+] [ 30]
 |   |   |   |- Guid:816FEC774A4CDE79701D7BAF2C9ACD92 BaseClass: NativeClass:/Script/Engine.StaticMeshActor Name:StaticMeshActor_UAID_0026B986B1714C8C01_1442756388 Label:Cylinder4 SpatiallyLoaded:1 Bounds:IsValid=true, Min=(X=-3270.000 Y=4010.000 Z=1280.000), Max=(X=-3170.000 Y=4110.000 Z=1580.000) RuntimeGrid:None EditorOnly:0 RuntimeOnly:0 HLODRelevant:1 Parent:423287044A4EB18BCCBB0F990899E0BF FolderPath:NewMap FolderGuid:5B5C5B15479AAD5A7ECC2EB1AC729902
 |   |   |   |- Guid:5B3D8FD042C04FB72B68FE948C71F03D BaseClass: NativeClass:/Script/Engine.StaticMeshActor Name:StaticMeshActor_UAID_0026B986B1714C8C01_1451216389 Label:Cylinder5 SpatiallyLoaded:1 Bounds:IsValid=true, Min=(X=-3010.000 Y=4020.000 Z=1275.000), Max=(X=-2910.000 Y=4120.000 Z=1525.000) RuntimeGrid:None EditorOnly:0 RuntimeOnly:0 HLODRelevant:1 Parent:423287044A4EB18BCCBB0F990899E0BF FolderPath:NewMap FolderGuid:5B5C5B15479AAD5A7ECC2EB1AC729902
 |   |   |   |- Guid:792BEF1F4CC369EAC33BCC9182D2BCF8 BaseClass: NativeClass:/Script/Engine.StaticMeshActor Name:StaticMeshActor_UAID_0026B986B1714C8C01_1431532387 Label:Cylinder3 SpatiallyLoaded:1 Bounds:IsValid=true, Min=(X=-2930.000 Y=4010.000 Z=1260.000), Max=(X=-2830.000 Y=4110.000 Z=1560.000) RuntimeGrid:None EditorOnly:0 RuntimeOnly:0 HLODRelevant:1 Parent:423287044A4EB18BCCBB0F990899E0BF FolderPath:NewMap FolderGuid:5B5C5B15479AAD5A7ECC2EB1AC729902
 |   |   |   |- Guid:40DF63B4499C33D78252EB8A69535C26 BaseClass: NativeClass:/Script/Engine.StaticMeshActor Name:StaticMeshActor_UAID_0026B986B1714C8C01_1458867390 Label:Cylinder6 SpatiallyLoaded:1 Bounds:IsValid=true, Min=(X=-3220.000 Y=4010.000 Z=1265.000), Max=(X=-3120.000 Y=4110.000 Z=1515.000) RuntimeGrid:None EditorOnly:0 RuntimeOnly:0 HLODRelevant:1 Parent:423287044A4EB18BCCBB0F990899E0BF FolderPath:NewMap FolderGuid:5B5C5B15479AAD5A7ECC2EB1AC729902
 |   |   |   |- Guid:423287044A4EB18BCCBB0F990899E0BF BaseClass: NativeClass:/Script/Engine.StaticMeshActor Name:StaticMeshActor_UAID_0026B986B1714C8C01_1372669386 Label:SM_Cube18 SpatiallyLoaded:1 Bounds:IsValid=true, Min=(X=-3300.000 Y=4000.000 Z=1260.000), Max=(X=-2800.000 Y=4500.000 Z=1310.000) RuntimeGrid:None EditorOnly:0 RuntimeOnly:0 HLODRelevant:1 FolderPath:NewMap FolderGuid:5B5C5B15479AAD5A7ECC2EB1AC729902
 |   |   |- [+] [ 31]
 |   |   |   |- Guid:6C00C0604635C003A0702F86CC3EFE7B BaseClass: NativeClass:/Script/Engine.StaticMeshActor Name:StaticMeshActor_UAID_0026B986B1714C8C01_1783358391 Label:SM_Cube19 SpatiallyLoaded:1 Bounds:IsValid=true, Min=(X=-3300.000 Y=5210.000 Z=1260.000), Max=(X=-2800.000 Y=5710.000 Z=1310.000) RuntimeGrid:None EditorOnly:0 RuntimeOnly:0 HLODRelevant:1 FolderPath:NewMap FolderGuid:5B5C5B15479AAD5A7ECC2EB1AC729902
 |   |   |- [+] [ 32]
 |   |   |   |- Guid:394E3CF3496FA51F2D693EBD3C9E4721 BaseClass:/Game/ThirdPerson/Blueprints/RotatePlatform.RotatePlatform_C NativeClass:/Script/Engine.Actor Name:RotatePlatform_C_UAID_0026B986B1714D8C01_1088396568 Label:RotatePlatform SpatiallyLoaded:1 Bounds:IsValid=true, Min=(X=-3175.000 Y=5940.000 Z=1247.500), Max=(X=-2905.000 Y=6200.000 Z=1570.000) RuntimeGrid:None EditorOnly:0 RuntimeOnly:0 HLODRelevant:0 FolderPath:NewMap FolderGuid:5B5C5B15479AAD5A7ECC2EB1AC729902
 |   |   |- [+] [ 33]
 |   |   |   |- Guid:6EC6320A48E99AA84EDC0EBCDD330971 BaseClass: NativeClass:/Script/Engine.StaticMeshActor Name:StaticMeshActor_UAID_0026B986B1714D8C01_1471781570 Label:SM_Cube20 SpatiallyLoaded:1 Bounds:IsValid=true, Min=(X=-2850.000 Y=6410.000 Z=1260.000), Max=(X=-2600.000 Y=6660.000 Z=1285.000) RuntimeGrid:None EditorOnly:0 RuntimeOnly:0 HLODRelevant:1 FolderPath:NewMap FolderGuid:5B5C5B15479AAD5A7ECC2EB1AC729902
 |   |   |- [+] [ 34]
 |   |   |   |- Guid:843D6B2147D0E91AB18D5694E71187BF BaseClass:/Game/ThirdPerson/Blueprints/RotatePlatform.RotatePlatform_C NativeClass:/Script/Engine.Actor Name:RotatePlatform_C_UAID_0026B986B1714D8C01_1529294571 Label:RotatePlatform2 SpatiallyLoaded:1 Bounds:IsValid=true, Min=(X=-3175.000 Y=6890.000 Z=1247.500), Max=(X=-2905.000 Y=7150.000 Z=1570.000) RuntimeGrid:None EditorOnly:0 RuntimeOnly:0 HLODRelevant:0 FolderPath:NewMap FolderGuid:5B5C5B15479AAD5A7ECC2EB1AC729902
 |   |   |- [+] [ 35]
 |   |   |   |- Guid:9AE3415D461C7CE55C4B13A7BE8E3CC1 BaseClass: NativeClass:/Script/Engine.StaticMeshActor Name:StaticMeshActor_UAID_0026B986B1714D8C01_1547259572 Label:SM_Cube21 SpatiallyLoaded:1 Bounds:IsValid=true, Min=(X=-3540.000 Y=7340.000 Z=1260.000), Max=(X=-3290.000 Y=7590.000 Z=1285.000) RuntimeGrid:None EditorOnly:0 RuntimeOnly:0 HLODRelevant:1 FolderPath:NewMap FolderGuid:5B5C5B15479AAD5A7ECC2EB1AC729902
 |   |   |- [+] [ 36]
 |   |   |   |- Guid:CBF04EFF46629DDD94AF7DA9CC78B282 BaseClass:/Game/ThirdPerson/Blueprints/RotatePlatform.RotatePlatform_C NativeClass:/Script/Engine.Actor Name:RotatePlatform_C_UAID_0026B986B1714D8C01_1569169573 Label:RotatePlatform3 SpatiallyLoaded:1 Bounds:IsValid=true, Min=(X=-3175.000 Y=7770.000 Z=1247.500), Max=(X=-2905.000 Y=8030.000 Z=1570.000) RuntimeGrid:None EditorOnly:0 RuntimeOnly:0 HLODRelevant:0 FolderPath:NewMap FolderGuid:5B5C5B15479AAD5A7ECC2EB1AC729902
 |   |   |- [+] [ 37]
 |   |   |   |- Guid:6947990F43F4FFE201716EAD22BEF9DC BaseClass: NativeClass:/Script/Engine.StaticMeshActor Name:StaticMeshActor_UAID_0026B986B1714D8C01_1591541574 Label:SM_Cube22 SpatiallyLoaded:1 Bounds:IsValid=true, Min=(X=-3300.000 Y=8380.000 Z=1260.000), Max=(X=-2800.000 Y=8880.000 Z=1310.000) RuntimeGrid:None EditorOnly:0 RuntimeOnly:0 HLODRelevant:1 FolderPath:NewMap FolderGuid:5B5C5B15479AAD5A7ECC2EB1AC729902
 |   |   |- [+] [ 38]
 |   |   |   |- Guid:E7FD94994FAAE2FC1EF434B27B4FDD9C BaseClass:/Game/ThirdPerson/Blueprints/AI.AI_C NativeClass:/Script/Engine.Character Name:AI_C_UAID_0026B986B171558C01_1185909004 Label:AI4 SpatiallyLoaded:1 Bounds:IsValid=true, Min=(X=-3025.000 Y=-615.000 Z=549.033), Max=(X=-2955.000 Y=-545.000 Z=730.000) RuntimeGrid:None EditorOnly:0 RuntimeOnly:0 HLODRelevant:0
 |- ContainerInstances:
 |- [+] MainContainer:
 |   |-        ID: 0x0000000000000000
 |   |-    Bounds: IsValid=false, Min=(X=0.000 Y=0.000 Z=0.000), Max=(X=0.000 Y=0.000 Z=0.000)
 |   |- Transform: 0.000000,0.000000,0.000000|0.000000,0.000000,-0.000000|1.000000,1.000000,1.000000
 |   |- Container: /Game/ThirdPerson/Maps/ThirdPersonMap
----------------------------------------------------------------------------------------------------------------
ThirdPersonMap - Persistent Level
----------------------------------------------------------------------------------------------------------------
Always loaded Actor Count: 55 

----------------------------------------------------------------------------------------------------------------
ThirdPersonMap - Runtime Spatial Hash - Streaming Grid - MainGrid
----------------------------------------------------------------------------------------------------------------
            Origin: X=0.000 Y=0.000 Z=0.000
         Cell Size: 12800
      World Bounds: IsValid=false, Min=(X=0.000 Y=0.000 Z=0.000), Max=(X=0.000 Y=0.000 Z=0.000)
     Loading Range: 25600.00
Block Slow Loading: No
 ClientOnlyVisible: No

[+] Grid Levels: 1
 |- Level  0: Cell Count    0 | Cell Size   12800 | Actor Count    0 (0.0%)

[+] Content of Grid Level 0

