[+] Containers:
 |- [+] Container: /Game/ThirdPerson/Maps/ThirdPersonMap
 |   |- [+] ActorDescs:
 |   |   |- Guid:097674654CA46CDD65B3B6AE1ABABECF BaseClass:/Game/ThirdPerson/Blueprints/BP_SpawnPos.BP_SpawnPos_C NativeClass:/Script/Engine.Actor Name:BP_SpawnPos_C_UAID_0026B986B171C28B01_1311764088 Label:BP_SpawnPos SpatiallyLoaded:1 Bounds:IsValid=true, Min=(X=-3178.000 Y=-828.000 Z=422.063), Max=(X=-2922.000 Y=-572.000 Z=678.063) RuntimeGrid:None EditorOnly:0 RuntimeOnly:0 HLODRelevant:0 FolderPath:NewMap FolderGuid:5B5C5B15479AAD5A7ECC2EB1AC729902
 |   |   |- Guid:28F91CFF4C0FFDF9DEC67F84697FC75F BaseClass: NativeClass:/Script/Engine.PlayerStart Name:PlayerStart_UAID_0026B986B171C28B01_1527773089 Label:PlayerStart SpatiallyLoaded:0 Bounds:IsValid=true, Min=(X=-3110.000 Y=5400.000 Z=1310.063), Max=(X=-3070.000 Y=5440.000 Z=1494.063) RuntimeGrid:None EditorOnly:0 RuntimeOnly:0 HLODRelevant:0 FolderPath:NewMap FolderGuid:5B5C5B15479AAD5A7ECC2EB1AC729902
 |   |   |- Guid:2FB58999456391D349DC0F86DAC136ED BaseClass: NativeClass:/Script/Engine.SkyLight Name:SkyLight_1 Label:SkyLight SpatiallyLoaded:0 Bounds:IsValid=true, Min=(X=0.000 Y=0.000 Z=690.000), Max=(X=0.000 Y=0.000 Z=690.000) RuntimeGrid:None EditorOnly:0 RuntimeOnly:0 HLODRelevant:0 FolderPath:Lighting FolderGuid:963EC3EB4002CCE9759E2EBA541A873A
 |   |   |- Guid:316CF2A6494ACA4C0E4180A87D36AB8F BaseClass: NativeClass:/Script/Engine.ExponentialHeightFog Name:ExponentialHeightFog_0 Label:ExponentialHeightFog SpatiallyLoaded:0 Bounds:IsValid=true, Min=(X=-5600.000 Y=-50.000 Z=-6850.000), Max=(X=-5600.000 Y=-50.000 Z=-6850.000) RuntimeGrid:None EditorOnly:0 RuntimeOnly:0 HLODRelevant:0 FolderPath:Lighting FolderGuid:963EC3EB4002CCE9759E2EBA541A873A
 |   |   |- Guid:394E3CF3496FA51F2D693EBD3C9E4721 BaseClass:/Game/ThirdPerson/Blueprints/RotatePlatform.RotatePlatform_C NativeClass:/Script/Engine.Actor Name:RotatePlatform_C_UAID_0026B986B1714D8C01_1088396568 Label:RotatePlatform SpatiallyLoaded:1 Bounds:IsValid=true, Min=(X=-3175.000 Y=5940.000 Z=1247.500), Max=(X=-2905.000 Y=6200.000 Z=1570.000) RuntimeGrid:None EditorOnly:0 RuntimeOnly:0 HLODRelevant:0 FolderPath:NewMap FolderGuid:5B5C5B15479AAD5A7ECC2EB1AC729902
 |   |   |- Guid:40DF63B4499C33D78252EB8A69535C26 BaseClass: NativeClass:/Script/Engine.StaticMeshActor Name:StaticMeshActor_UAID_0026B986B1714C8C01_1458867390 Label:Cylinder6 SpatiallyLoaded:1 Bounds:IsValid=true, Min=(X=-3220.000 Y=4010.000 Z=1265.000), Max=(X=-3120.000 Y=4110.000 Z=1515.000) RuntimeGrid:None EditorOnly:0 RuntimeOnly:0 HLODRelevant:1 Parent:423287044A4EB18BCCBB0F990899E0BF FolderPath:NewMap FolderGuid:5B5C5B15479AAD5A7ECC2EB1AC729902
 |   |   |- Guid:423287044A4EB18BCCBB0F990899E0BF BaseClass: NativeClass:/Script/Engine.StaticMeshActor Name:StaticMeshActor_UAID_0026B986B1714C8C01_1372669386 Label:SM_Cube18 SpatiallyLoaded:1 Bounds:IsValid=true, Min=(X=-3300.000 Y=4000.000 Z=1260.000), Max=(X=-2800.000 Y=4500.000 Z=1310.000) RuntimeGrid:None EditorOnly:0 RuntimeOnly:0 HLODRelevant:1 FolderPath:NewMap FolderGuid:5B5C5B15479AAD5A7ECC2EB1AC729902
 |   |   |- Guid:4D3BE93F4146AAAC8BBE79999D96D57F BaseClass: NativeClass:/Script/Engine.VolumetricCloud Name:VolumetricCloud_0 Label:VolumetricCloud SpatiallyLoaded:0 Bounds:IsValid=true, Min=(X=0.000 Y=0.000 Z=820.000), Max=(X=0.000 Y=0.000 Z=820.000) RuntimeGrid:None EditorOnly:0 RuntimeOnly:0 HLODRelevant:0 FolderPath:Lighting FolderGuid:963EC3EB4002CCE9759E2EBA541A873A
 |   |   |- Guid:51FF17974F808CADF5DE8498139C8899 BaseClass:/Game/ThirdPerson/Blueprints/MovingPlatform.MovingPlatform_C NativeClass:/Script/Engine.Actor Name:MovingPlatform_C_UAID_0026B986B171488C01_1115349672 Label:MovingPlatform SpatiallyLoaded:1 Bounds:IsValid=true, Min=(X=-3150.000 Y=600.000 Z=527.500), Max=(X=-2950.000 Y=800.000 Z=552.500) RuntimeGrid:None EditorOnly:0 RuntimeOnly:0 HLODRelevant:0 FolderPath:NewMap FolderGuid:5B5C5B15479AAD5A7ECC2EB1AC729902
 |   |   |- Guid:5B3D8FD042C04FB72B68FE948C71F03D BaseClass: NativeClass:/Script/Engine.StaticMeshActor Name:StaticMeshActor_UAID_0026B986B1714C8C01_1451216389 Label:Cylinder5 SpatiallyLoaded:1 Bounds:IsValid=true, Min=(X=-3010.000 Y=4020.000 Z=1275.000), Max=(X=-2910.000 Y=4120.000 Z=1525.000) RuntimeGrid:None EditorOnly:0 RuntimeOnly:0 HLODRelevant:1 Parent:423287044A4EB18BCCBB0F990899E0BF FolderPath:NewMap FolderGuid:5B5C5B15479AAD5A7ECC2EB1AC729902
 |   |   |- Guid:5B97F4A64FB21F77EFC44386BF705B4C BaseClass: NativeClass:/Script/Engine.TextRenderActor Name:TextRenderActor_1 Label:TextRenderActor SpatiallyLoaded:1 Bounds:IsValid=true, Min=(X=-0.100 Y=1100.000 Z=65.013), Max=(X=-0.100 Y=2392.308 Z=215.013) RuntimeGrid:None EditorOnly:0 RuntimeOnly:0 HLODRelevant:0
 |   |   |- Guid:6947990F43F4FFE201716EAD22BEF9DC BaseClass: NativeClass:/Script/Engine.StaticMeshActor Name:StaticMeshActor_UAID_0026B986B1714D8C01_1591541574 Label:SM_Cube22 SpatiallyLoaded:1 Bounds:IsValid=true, Min=(X=-3300.000 Y=8380.000 Z=1260.000), Max=(X=-2800.000 Y=8880.000 Z=1310.000) RuntimeGrid:None EditorOnly:0 RuntimeOnly:0 HLODRelevant:1 FolderPath:NewMap FolderGuid:5B5C5B15479AAD5A7ECC2EB1AC729902
 |   |   |- Guid:6BAF4DDD444C60371492D3919DB42C97 BaseClass: NativeClass:/Script/Engine.WorldDataLayers Name:WorldDataLayers Label:WorldDataLayers SpatiallyLoaded:0 Bounds:IsValid=true, Min=(X=0.000 Y=0.000 Z=0.000), Max=(X=0.000 Y=0.000 Z=0.000) RuntimeGrid:None EditorOnly:0 RuntimeOnly:0 HLODRelevant:0
 |   |   |- Guid:6C00C0604635C003A0702F86CC3EFE7B BaseClass: NativeClass:/Script/Engine.StaticMeshActor Name:StaticMeshActor_UAID_0026B986B1714C8C01_1783358391 Label:SM_Cube19 SpatiallyLoaded:1 Bounds:IsValid=true, Min=(X=-3300.000 Y=5210.000 Z=1260.000), Max=(X=-2800.000 Y=5710.000 Z=1310.000) RuntimeGrid:None EditorOnly:0 RuntimeOnly:0 HLODRelevant:1 FolderPath:NewMap FolderGuid:5B5C5B15479AAD5A7ECC2EB1AC729902
 |   |   |- Guid:6EC6320A48E99AA84EDC0EBCDD330971 BaseClass: NativeClass:/Script/Engine.StaticMeshActor Name:StaticMeshActor_UAID_0026B986B1714D8C01_1471781570 Label:SM_Cube20 SpatiallyLoaded:1 Bounds:IsValid=true, Min=(X=-2850.000 Y=6410.000 Z=1260.000), Max=(X=-2600.000 Y=6660.000 Z=1285.000) RuntimeGrid:None EditorOnly:0 RuntimeOnly:0 HLODRelevant:1 FolderPath:NewMap FolderGuid:5B5C5B15479AAD5A7ECC2EB1AC729902
 |   |   |- Guid:745A095B4BA4E157E4537FA63F5B7B43 BaseClass: NativeClass:/Script/Engine.StaticMeshActor Name:StaticMeshActor_2 Label:SM_ChamferCube SpatiallyLoaded:1 Bounds:IsValid=true, Min=(X=1100.000 Y=2000.000 Z=0.013), Max=(X=1200.000 Y=2100.000 Z=100.013) RuntimeGrid:None EditorOnly:0 RuntimeOnly:0 HLODRelevant:0
 |   |   |- Guid:7852308144F18B426F6E899F652C961C BaseClass: NativeClass:/Script/Engine.StaticMeshActor Name:StaticMeshActor_UAID_0026B986B171C28B01_1863937090 Label:SM_Cube15 SpatiallyLoaded:1 Bounds:IsValid=true, Min=(X=-3300.000 Y=1700.000 Z=500.000), Max=(X=-2800.000 Y=2200.000 Z=550.000) RuntimeGrid:None EditorOnly:0 RuntimeOnly:0 HLODRelevant:1 FolderPath:NewMap FolderGuid:5B5C5B15479AAD5A7ECC2EB1AC729902
 |   |   |- Guid:792BEF1F4CC369EAC33BCC9182D2BCF8 BaseClass: NativeClass:/Script/Engine.StaticMeshActor Name:StaticMeshActor_UAID_0026B986B1714C8C01_1431532387 Label:Cylinder3 SpatiallyLoaded:1 Bounds:IsValid=true, Min=(X=-2930.000 Y=4010.000 Z=1260.000), Max=(X=-2830.000 Y=4110.000 Z=1560.000) RuntimeGrid:None EditorOnly:0 RuntimeOnly:0 HLODRelevant:1 Parent:423287044A4EB18BCCBB0F990899E0BF FolderPath:NewMap FolderGuid:5B5C5B15479AAD5A7ECC2EB1AC729902
 |   |   |- Guid:7D4DD3444E7029A53D2A25904861FBFF BaseClass: NativeClass:/Script/Engine.StaticMeshActor Name:StaticMeshActor_UAID_0026B986B171B48B01_1867234630 Label:SM_Cube14 SpatiallyLoaded:1 Bounds:IsValid=true, Min=(X=-3300.000 Y=0.000 Z=500.000), Max=(X=-2800.000 Y=500.000 Z=550.000) RuntimeGrid:None EditorOnly:0 RuntimeOnly:0 HLODRelevant:1 FolderPath:NewMap FolderGuid:5B5C5B15479AAD5A7ECC2EB1AC729902
 |   |   |- Guid:80D4EAAC41B260931E43B78661AA078B BaseClass: NativeClass:/Script/Engine.StaticMeshActor Name:StaticMeshActor_UAID_0026B986B1714A8C01_1297796031 Label:SM_Cube16 SpatiallyLoaded:1 Bounds:IsValid=true, Min=(X=-3300.000 Y=3100.000 Z=500.000), Max=(X=-2800.000 Y=3600.000 Z=550.000) RuntimeGrid:None EditorOnly:0 RuntimeOnly:0 HLODRelevant:1 FolderPath:NewMap FolderGuid:5B5C5B15479AAD5A7ECC2EB1AC729902
 |   |   |- Guid:816FEC774A4CDE79701D7BAF2C9ACD92 BaseClass: NativeClass:/Script/Engine.StaticMeshActor Name:StaticMeshActor_UAID_0026B986B1714C8C01_1442756388 Label:Cylinder4 SpatiallyLoaded:1 Bounds:IsValid=true, Min=(X=-3270.000 Y=4010.000 Z=1280.000), Max=(X=-3170.000 Y=4110.000 Z=1580.000) RuntimeGrid:None EditorOnly:0 RuntimeOnly:0 HLODRelevant:1 Parent:423287044A4EB18BCCBB0F990899E0BF FolderPath:NewMap FolderGuid:5B5C5B15479AAD5A7ECC2EB1AC729902
 |   |   |- Guid:843D6B2147D0E91AB18D5694E71187BF BaseClass:/Game/ThirdPerson/Blueprints/RotatePlatform.RotatePlatform_C NativeClass:/Script/Engine.Actor Name:RotatePlatform_C_UAID_0026B986B1714D8C01_1529294571 Label:RotatePlatform2 SpatiallyLoaded:1 Bounds:IsValid=true, Min=(X=-3175.000 Y=6890.000 Z=1247.500), Max=(X=-2905.000 Y=7150.000 Z=1570.000) RuntimeGrid:None EditorOnly:0 RuntimeOnly:0 HLODRelevant:0 FolderPath:NewMap FolderGuid:5B5C5B15479AAD5A7ECC2EB1AC729902
 |   |   |- Guid:9AE3415D461C7CE55C4B13A7BE8E3CC1 BaseClass: NativeClass:/Script/Engine.StaticMeshActor Name:StaticMeshActor_UAID_0026B986B1714D8C01_1547259572 Label:SM_Cube21 SpatiallyLoaded:1 Bounds:IsValid=true, Min=(X=-3540.000 Y=7340.000 Z=1260.000), Max=(X=-3290.000 Y=7590.000 Z=1285.000) RuntimeGrid:None EditorOnly:0 RuntimeOnly:0 HLODRelevant:1 FolderPath:NewMap FolderGuid:5B5C5B15479AAD5A7ECC2EB1AC729902
 |   |   |- Guid:B785ED2844B84CFB91E7F39FE661CD99 BaseClass: NativeClass:/Script/Engine.DirectionalLight Name:DirectionalLight_0 Label:DirectionalLight SpatiallyLoaded:0 Bounds:IsValid=true, Min=(X=-1048576.000 Y=-1048576.000 Z=-1048576.000), Max=(X=1048576.000 Y=1048576.000 Z=1048576.000) RuntimeGrid:None EditorOnly:0 RuntimeOnly:0 HLODRelevant:0 FolderPath:Lighting FolderGuid:963EC3EB4002CCE9759E2EBA541A873A
 |   |   |- Guid:BFAE09514343E93D5FE62CA01406EDF3 BaseClass: NativeClass:/Script/NavigationSystem.NavMeshBoundsVolume Name:NavMeshBoundsVolume_UAID_0026B986B1714E8C01_1288486751 Label:NavMeshBoundsVolume SpatiallyLoaded:0 Bounds:IsValid=true, Min=(X=-3480.000 Y=-10.000 Z=200.000), Max=(X=-2680.000 Y=590.000 Z=800.000) RuntimeGrid:None EditorOnly:0 RuntimeOnly:0 HLODRelevant:0
 |   |   |- Guid:C6E368524FF99AF5EEBDCA84BEC17455 BaseClass: NativeClass:/Script/Engine.StaticMeshActor Name:StaticMeshActor_UAID_0026B986B1714A8C01_1723081032 Label:SM_Cube17 SpatiallyLoaded:1 Bounds:IsValid=true, Min=(X=-3300.000 Y=-950.000 Z=500.000), Max=(X=-2800.000 Y=-450.000 Z=550.000) RuntimeGrid:None EditorOnly:0 RuntimeOnly:0 HLODRelevant:1 FolderPath:NewMap FolderGuid:5B5C5B15479AAD5A7ECC2EB1AC729902
 |   |   |- Guid:CBF04EFF46629DDD94AF7DA9CC78B282 BaseClass:/Game/ThirdPerson/Blueprints/RotatePlatform.RotatePlatform_C NativeClass:/Script/Engine.Actor Name:RotatePlatform_C_UAID_0026B986B1714D8C01_1569169573 Label:RotatePlatform3 SpatiallyLoaded:1 Bounds:IsValid=true, Min=(X=-3175.000 Y=7770.000 Z=1247.500), Max=(X=-2905.000 Y=8030.000 Z=1570.000) RuntimeGrid:None EditorOnly:0 RuntimeOnly:0 HLODRelevant:0 FolderPath:NewMap FolderGuid:5B5C5B15479AAD5A7ECC2EB1AC729902
 |   |   |- Guid:CCFF262C46EEFFDF319E7F9539CE697E BaseClass: NativeClass:/Script/Engine.SkyAtmosphere Name:SkyAtmosphere_0 Label:SkyAtmosphere SpatiallyLoaded:0 Bounds:IsValid=true, Min=(X=0.000 Y=0.000 Z=1020.000), Max=(X=0.000 Y=0.000 Z=1020.000) RuntimeGrid:None EditorOnly:0 RuntimeOnly:0 HLODRelevant:0 FolderPath:Lighting FolderGuid:963EC3EB4002CCE9759E2EBA541A873A
 |   |   |- Guid:D11B362A4AAEFB59B2BF1D87CF135FF1 BaseClass: NativeClass:/Script/Engine.StaticMeshActor Name:StaticMeshActor_UAID_0026B986B1714A8C01_1198459026 Label:Cylinder SpatiallyLoaded:1 Bounds:IsValid=true, Min=(X=-2908.333 Y=2140.000 Z=550.063), Max=(X=-2825.000 Y=2240.000 Z=650.063) RuntimeGrid:None EditorOnly:0 RuntimeOnly:0 HLODRelevant:1 Parent:7852308144F18B426F6E899F652C961C FolderPath:NewMap FolderGuid:5B5C5B15479AAD5A7ECC2EB1AC729902
 |   |   |- Guid:D63DD33A4E4A51726FBC0CBBAC8276DF BaseClass:/Game/ThirdPerson/Blueprints/BP_LaunchTut.BP_LaunchTut_C NativeClass:/Script/Engine.Character Name:BP_LaunchTut_C_UAID_0026B986B171F28B01_1412306535 Label:BP_LaunchTut SpatiallyLoaded:1 Bounds:IsValid=true, Min=(X=-3094.000 Y=296.000 Z=549.033), Max=(X=-3026.000 Y=364.000 Z=727.514) RuntimeGrid:None EditorOnly:0 RuntimeOnly:0 HLODRelevant:0
 |   |   |- Guid:E82C21FD414C5F7AF8961CB8E9A2AFE5 BaseClass: NativeClass:/Script/Engine.StaticMeshActor Name:StaticMeshActor_UAID_0026B986B1714A8C01_1269270030 Label:Cylinder2 SpatiallyLoaded:1 Bounds:IsValid=true, Min=(X=-2933.333 Y=2100.000 Z=510.000), Max=(X=-2850.000 Y=2200.000 Z=610.000) RuntimeGrid:None EditorOnly:0 RuntimeOnly:0 HLODRelevant:1 Parent:7852308144F18B426F6E899F652C961C FolderPath:NewMap FolderGuid:5B5C5B15479AAD5A7ECC2EB1AC729902
 |   |   |- Guid:EC4E0C944CE6AC6E784BC6BB2916EA13 BaseClass: NativeClass:/Script/Engine.StaticMeshActor Name:StaticMeshActor_UAID_A4AE111137DC5EFB00_1110535423 Label:SM_SkySphere SpatiallyLoaded:0 Bounds:IsValid=true, Min=(X=-1638400.000 Y=-1638740.000 Z=-1638400.000), Max=(X=1638400.000 Y=1638060.000 Z=1638400.000) RuntimeGrid:None EditorOnly:0 RuntimeOnly:0 HLODRelevant:1 FolderPath:Lighting FolderGuid:963EC3EB4002CCE9759E2EBA541A873A
 |   |   |- Guid:F5E3FEB3450C49844FD93DA8E083C8AD BaseClass: NativeClass:/Script/Engine.PostProcessVolume Name:PostProcessVolume_0 Label:PostProcessVolume SpatiallyLoaded:0 Bounds:IsValid=true, Min=(X=0.000 Y=0.000 Z=400.000), Max=(X=200.000 Y=200.000 Z=600.000) RuntimeGrid:None EditorOnly:0 RuntimeOnly:0 HLODRelevant:0 FolderPath:Lighting FolderGuid:963EC3EB4002CCE9759E2EBA541A873A
 |   |   |- Guid:FCC86BFF4B88232132BB3AA619CEF077 BaseClass: NativeClass:/Script/NavigationSystem.RecastNavMesh Name:RecastNavMesh_UAID_0026B986B1714E8C01-Default Label:RecastNavMesh-Default SpatiallyLoaded:0 Bounds:IsValid=true, Min=(X=0.000 Y=0.000 Z=0.000), Max=(X=0.000 Y=0.000 Z=0.000) RuntimeGrid:None EditorOnly:0 RuntimeOnly:0 HLODRelevant:0
 |   |- [+] Clusters:
 |   |   |- [+] [  0]
 |   |   |   |- Guid:6BAF4DDD444C60371492D3919DB42C97 BaseClass: NativeClass:/Script/Engine.WorldDataLayers Name:WorldDataLayers Label:WorldDataLayers SpatiallyLoaded:0 Bounds:IsValid=true, Min=(X=0.000 Y=0.000 Z=0.000), Max=(X=0.000 Y=0.000 Z=0.000) RuntimeGrid:None EditorOnly:0 RuntimeOnly:0 HLODRelevant:0
 |   |   |- [+] [  1]
 |   |   |   |- Guid:7D4DD3444E7029A53D2A25904861FBFF BaseClass: NativeClass:/Script/Engine.StaticMeshActor Name:StaticMeshActor_UAID_0026B986B171B48B01_1867234630 Label:SM_Cube14 SpatiallyLoaded:1 Bounds:IsValid=true, Min=(X=-3300.000 Y=0.000 Z=500.000), Max=(X=-2800.000 Y=500.000 Z=550.000) RuntimeGrid:None EditorOnly:0 RuntimeOnly:0 HLODRelevant:1 FolderPath:NewMap FolderGuid:5B5C5B15479AAD5A7ECC2EB1AC729902
 |   |   |- [+] [  2]
 |   |   |   |- Guid:097674654CA46CDD65B3B6AE1ABABECF BaseClass:/Game/ThirdPerson/Blueprints/BP_SpawnPos.BP_SpawnPos_C NativeClass:/Script/Engine.Actor Name:BP_SpawnPos_C_UAID_0026B986B171C28B01_1311764088 Label:BP_SpawnPos SpatiallyLoaded:1 Bounds:IsValid=true, Min=(X=-3178.000 Y=-828.000 Z=422.063), Max=(X=-2922.000 Y=-572.000 Z=678.063) RuntimeGrid:None EditorOnly:0 RuntimeOnly:0 HLODRelevant:0 FolderPath:NewMap FolderGuid:5B5C5B15479AAD5A7ECC2EB1AC729902
 |   |   |- [+] [  3]
 |   |   |   |- Guid:F5E3FEB3450C49844FD93DA8E083C8AD BaseClass: NativeClass:/Script/Engine.PostProcessVolume Name:PostProcessVolume_0 Label:PostProcessVolume SpatiallyLoaded:0 Bounds:IsValid=true, Min=(X=0.000 Y=0.000 Z=400.000), Max=(X=200.000 Y=200.000 Z=600.000) RuntimeGrid:None EditorOnly:0 RuntimeOnly:0 HLODRelevant:0 FolderPath:Lighting FolderGuid:963EC3EB4002CCE9759E2EBA541A873A
 |   |   |- [+] [  4]
 |   |   |   |- Guid:5B97F4A64FB21F77EFC44386BF705B4C BaseClass: NativeClass:/Script/Engine.TextRenderActor Name:TextRenderActor_1 Label:TextRenderActor SpatiallyLoaded:1 Bounds:IsValid=true, Min=(X=-0.100 Y=1100.000 Z=65.013), Max=(X=-0.100 Y=2392.308 Z=215.013) RuntimeGrid:None EditorOnly:0 RuntimeOnly:0 HLODRelevant:0
 |   |   |- [+] [  5]
 |   |   |   |- Guid:4D3BE93F4146AAAC8BBE79999D96D57F BaseClass: NativeClass:/Script/Engine.VolumetricCloud Name:VolumetricCloud_0 Label:VolumetricCloud SpatiallyLoaded:0 Bounds:IsValid=true, Min=(X=0.000 Y=0.000 Z=820.000), Max=(X=0.000 Y=0.000 Z=820.000) RuntimeGrid:None EditorOnly:0 RuntimeOnly:0 HLODRelevant:0 FolderPath:Lighting FolderGuid:963EC3EB4002CCE9759E2EBA541A873A
 |   |   |- [+] [  6]
 |   |   |   |- Guid:51FF17974F808CADF5DE8498139C8899 BaseClass:/Game/ThirdPerson/Blueprints/MovingPlatform.MovingPlatform_C NativeClass:/Script/Engine.Actor Name:MovingPlatform_C_UAID_0026B986B171488C01_1115349672 Label:MovingPlatform SpatiallyLoaded:1 Bounds:IsValid=true, Min=(X=-3150.000 Y=600.000 Z=527.500), Max=(X=-2950.000 Y=800.000 Z=552.500) RuntimeGrid:None EditorOnly:0 RuntimeOnly:0 HLODRelevant:0 FolderPath:NewMap FolderGuid:5B5C5B15479AAD5A7ECC2EB1AC729902
 |   |   |- [+] [  7]
 |   |   |   |- Guid:CCFF262C46EEFFDF319E7F9539CE697E BaseClass: NativeClass:/Script/Engine.SkyAtmosphere Name:SkyAtmosphere_0 Label:SkyAtmosphere SpatiallyLoaded:0 Bounds:IsValid=true, Min=(X=0.000 Y=0.000 Z=1020.000), Max=(X=0.000 Y=0.000 Z=1020.000) RuntimeGrid:None EditorOnly:0 RuntimeOnly:0 HLODRelevant:0 FolderPath:Lighting FolderGuid:963EC3EB4002CCE9759E2EBA541A873A
 |   |   |- [+] [  8]
 |   |   |   |- Guid:EC4E0C944CE6AC6E784BC6BB2916EA13 BaseClass: NativeClass:/Script/Engine.StaticMeshActor Name:StaticMeshActor_UAID_A4AE111137DC5EFB00_1110535423 Label:SM_SkySphere SpatiallyLoaded:0 Bounds:IsValid=true, Min=(X=-1638400.000 Y=-1638740.000 Z=-1638400.000), Max=(X=1638400.000 Y=1638060.000 Z=1638400.000) RuntimeGrid:None EditorOnly:0 RuntimeOnly:0 HLODRelevant:1 FolderPath:Lighting FolderGuid:963EC3EB4002CCE9759E2EBA541A873A
 |   |   |- [+] [  9]
 |   |   |   |- Guid:B785ED2844B84CFB91E7F39FE661CD99 BaseClass: NativeClass:/Script/Engine.DirectionalLight Name:DirectionalLight_0 Label:DirectionalLight SpatiallyLoaded:0 Bounds:IsValid=true, Min=(X=-1048576.000 Y=-1048576.000 Z=-1048576.000), Max=(X=1048576.000 Y=1048576.000 Z=1048576.000) RuntimeGrid:None EditorOnly:0 RuntimeOnly:0 HLODRelevant:0 FolderPath:Lighting FolderGuid:963EC3EB4002CCE9759E2EBA541A873A
 |   |   |- [+] [ 10]
 |   |   |   |- Guid:316CF2A6494ACA4C0E4180A87D36AB8F BaseClass: NativeClass:/Script/Engine.ExponentialHeightFog Name:ExponentialHeightFog_0 Label:ExponentialHeightFog SpatiallyLoaded:0 Bounds:IsValid=true, Min=(X=-5600.000 Y=-50.000 Z=-6850.000), Max=(X=-5600.000 Y=-50.000 Z=-6850.000) RuntimeGrid:None EditorOnly:0 RuntimeOnly:0 HLODRelevant:0 FolderPath:Lighting FolderGuid:963EC3EB4002CCE9759E2EBA541A873A
 |   |   |- [+] [ 11]
 |   |   |   |- Guid:2FB58999456391D349DC0F86DAC136ED BaseClass: NativeClass:/Script/Engine.SkyLight Name:SkyLight_1 Label:SkyLight SpatiallyLoaded:0 Bounds:IsValid=true, Min=(X=0.000 Y=0.000 Z=690.000), Max=(X=0.000 Y=0.000 Z=690.000) RuntimeGrid:None EditorOnly:0 RuntimeOnly:0 HLODRelevant:0 FolderPath:Lighting FolderGuid:963EC3EB4002CCE9759E2EBA541A873A
 |   |   |- [+] [ 12]
 |   |   |   |- Guid:80D4EAAC41B260931E43B78661AA078B BaseClass: NativeClass:/Script/Engine.StaticMeshActor Name:StaticMeshActor_UAID_0026B986B1714A8C01_1297796031 Label:SM_Cube16 SpatiallyLoaded:1 Bounds:IsValid=true, Min=(X=-3300.000 Y=3100.000 Z=500.000), Max=(X=-2800.000 Y=3600.000 Z=550.000) RuntimeGrid:None EditorOnly:0 RuntimeOnly:0 HLODRelevant:1 FolderPath:NewMap FolderGuid:5B5C5B15479AAD5A7ECC2EB1AC729902
 |   |   |- [+] [ 13]
 |   |   |   |- Guid:FCC86BFF4B88232132BB3AA619CEF077 BaseClass: NativeClass:/Script/NavigationSystem.RecastNavMesh Name:RecastNavMesh_UAID_0026B986B1714E8C01-Default Label:RecastNavMesh-Default SpatiallyLoaded:0 Bounds:IsValid=true, Min=(X=0.000 Y=0.000 Z=0.000), Max=(X=0.000 Y=0.000 Z=0.000) RuntimeGrid:None EditorOnly:0 RuntimeOnly:0 HLODRelevant:0
 |   |   |- [+] [ 14]
 |   |   |   |- Guid:D63DD33A4E4A51726FBC0CBBAC8276DF BaseClass:/Game/ThirdPerson/Blueprints/BP_LaunchTut.BP_LaunchTut_C NativeClass:/Script/Engine.Character Name:BP_LaunchTut_C_UAID_0026B986B171F28B01_1412306535 Label:BP_LaunchTut SpatiallyLoaded:1 Bounds:IsValid=true, Min=(X=-3094.000 Y=296.000 Z=549.033), Max=(X=-3026.000 Y=364.000 Z=727.514) RuntimeGrid:None EditorOnly:0 RuntimeOnly:0 HLODRelevant:0
 |   |   |- [+] [ 15]
 |   |   |   |- Guid:28F91CFF4C0FFDF9DEC67F84697FC75F BaseClass: NativeClass:/Script/Engine.PlayerStart Name:PlayerStart_UAID_0026B986B171C28B01_1527773089 Label:PlayerStart SpatiallyLoaded:0 Bounds:IsValid=true, Min=(X=-3110.000 Y=5400.000 Z=1310.063), Max=(X=-3070.000 Y=5440.000 Z=1494.063) RuntimeGrid:None EditorOnly:0 RuntimeOnly:0 HLODRelevant:0 FolderPath:NewMap FolderGuid:5B5C5B15479AAD5A7ECC2EB1AC729902
 |   |   |- [+] [ 16]
 |   |   |   |- Guid:C6E368524FF99AF5EEBDCA84BEC17455 BaseClass: NativeClass:/Script/Engine.StaticMeshActor Name:StaticMeshActor_UAID_0026B986B1714A8C01_1723081032 Label:SM_Cube17 SpatiallyLoaded:1 Bounds:IsValid=true, Min=(X=-3300.000 Y=-950.000 Z=500.000), Max=(X=-2800.000 Y=-450.000 Z=550.000) RuntimeGrid:None EditorOnly:0 RuntimeOnly:0 HLODRelevant:1 FolderPath:NewMap FolderGuid:5B5C5B15479AAD5A7ECC2EB1AC729902
 |   |   |- [+] [ 17]
 |   |   |   |- Guid:745A095B4BA4E157E4537FA63F5B7B43 BaseClass: NativeClass:/Script/Engine.StaticMeshActor Name:StaticMeshActor_2 Label:SM_ChamferCube SpatiallyLoaded:1 Bounds:IsValid=true, Min=(X=1100.000 Y=2000.000 Z=0.013), Max=(X=1200.000 Y=2100.000 Z=100.013) RuntimeGrid:None EditorOnly:0 RuntimeOnly:0 HLODRelevant:0
 |   |   |- [+] [ 18]
 |   |   |   |- Guid:BFAE09514343E93D5FE62CA01406EDF3 BaseClass: NativeClass:/Script/NavigationSystem.NavMeshBoundsVolume Name:NavMeshBoundsVolume_UAID_0026B986B1714E8C01_1288486751 Label:NavMeshBoundsVolume SpatiallyLoaded:0 Bounds:IsValid=true, Min=(X=-3480.000 Y=-10.000 Z=200.000), Max=(X=-2680.000 Y=590.000 Z=800.000) RuntimeGrid:None EditorOnly:0 RuntimeOnly:0 HLODRelevant:0
 |   |   |- [+] [ 19]
 |   |   |   |- Guid:D11B362A4AAEFB59B2BF1D87CF135FF1 BaseClass: NativeClass:/Script/Engine.StaticMeshActor Name:StaticMeshActor_UAID_0026B986B1714A8C01_1198459026 Label:Cylinder SpatiallyLoaded:1 Bounds:IsValid=true, Min=(X=-2908.333 Y=2140.000 Z=550.063), Max=(X=-2825.000 Y=2240.000 Z=650.063) RuntimeGrid:None EditorOnly:0 RuntimeOnly:0 HLODRelevant:1 Parent:7852308144F18B426F6E899F652C961C FolderPath:NewMap FolderGuid:5B5C5B15479AAD5A7ECC2EB1AC729902
 |   |   |   |- Guid:E82C21FD414C5F7AF8961CB8E9A2AFE5 BaseClass: NativeClass:/Script/Engine.StaticMeshActor Name:StaticMeshActor_UAID_0026B986B1714A8C01_1269270030 Label:Cylinder2 SpatiallyLoaded:1 Bounds:IsValid=true, Min=(X=-2933.333 Y=2100.000 Z=510.000), Max=(X=-2850.000 Y=2200.000 Z=610.000) RuntimeGrid:None EditorOnly:0 RuntimeOnly:0 HLODRelevant:1 Parent:7852308144F18B426F6E899F652C961C FolderPath:NewMap FolderGuid:5B5C5B15479AAD5A7ECC2EB1AC729902
 |   |   |   |- Guid:7852308144F18B426F6E899F652C961C BaseClass: NativeClass:/Script/Engine.StaticMeshActor Name:StaticMeshActor_UAID_0026B986B171C28B01_1863937090 Label:SM_Cube15 SpatiallyLoaded:1 Bounds:IsValid=true, Min=(X=-3300.000 Y=1700.000 Z=500.000), Max=(X=-2800.000 Y=2200.000 Z=550.000) RuntimeGrid:None EditorOnly:0 RuntimeOnly:0 HLODRelevant:1 FolderPath:NewMap FolderGuid:5B5C5B15479AAD5A7ECC2EB1AC729902
 |   |   |- [+] [ 20]
 |   |   |   |- Guid:816FEC774A4CDE79701D7BAF2C9ACD92 BaseClass: NativeClass:/Script/Engine.StaticMeshActor Name:StaticMeshActor_UAID_0026B986B1714C8C01_1442756388 Label:Cylinder4 SpatiallyLoaded:1 Bounds:IsValid=true, Min=(X=-3270.000 Y=4010.000 Z=1280.000), Max=(X=-3170.000 Y=4110.000 Z=1580.000) RuntimeGrid:None EditorOnly:0 RuntimeOnly:0 HLODRelevant:1 Parent:423287044A4EB18BCCBB0F990899E0BF FolderPath:NewMap FolderGuid:5B5C5B15479AAD5A7ECC2EB1AC729902
 |   |   |   |- Guid:5B3D8FD042C04FB72B68FE948C71F03D BaseClass: NativeClass:/Script/Engine.StaticMeshActor Name:StaticMeshActor_UAID_0026B986B1714C8C01_1451216389 Label:Cylinder5 SpatiallyLoaded:1 Bounds:IsValid=true, Min=(X=-3010.000 Y=4020.000 Z=1275.000), Max=(X=-2910.000 Y=4120.000 Z=1525.000) RuntimeGrid:None EditorOnly:0 RuntimeOnly:0 HLODRelevant:1 Parent:423287044A4EB18BCCBB0F990899E0BF FolderPath:NewMap FolderGuid:5B5C5B15479AAD5A7ECC2EB1AC729902
 |   |   |   |- Guid:792BEF1F4CC369EAC33BCC9182D2BCF8 BaseClass: NativeClass:/Script/Engine.StaticMeshActor Name:StaticMeshActor_UAID_0026B986B1714C8C01_1431532387 Label:Cylinder3 SpatiallyLoaded:1 Bounds:IsValid=true, Min=(X=-2930.000 Y=4010.000 Z=1260.000), Max=(X=-2830.000 Y=4110.000 Z=1560.000) RuntimeGrid:None EditorOnly:0 RuntimeOnly:0 HLODRelevant:1 Parent:423287044A4EB18BCCBB0F990899E0BF FolderPath:NewMap FolderGuid:5B5C5B15479AAD5A7ECC2EB1AC729902
 |   |   |   |- Guid:40DF63B4499C33D78252EB8A69535C26 BaseClass: NativeClass:/Script/Engine.StaticMeshActor Name:StaticMeshActor_UAID_0026B986B1714C8C01_1458867390 Label:Cylinder6 SpatiallyLoaded:1 Bounds:IsValid=true, Min=(X=-3220.000 Y=4010.000 Z=1265.000), Max=(X=-3120.000 Y=4110.000 Z=1515.000) RuntimeGrid:None EditorOnly:0 RuntimeOnly:0 HLODRelevant:1 Parent:423287044A4EB18BCCBB0F990899E0BF FolderPath:NewMap FolderGuid:5B5C5B15479AAD5A7ECC2EB1AC729902
 |   |   |   |- Guid:423287044A4EB18BCCBB0F990899E0BF BaseClass: NativeClass:/Script/Engine.StaticMeshActor Name:StaticMeshActor_UAID_0026B986B1714C8C01_1372669386 Label:SM_Cube18 SpatiallyLoaded:1 Bounds:IsValid=true, Min=(X=-3300.000 Y=4000.000 Z=1260.000), Max=(X=-2800.000 Y=4500.000 Z=1310.000) RuntimeGrid:None EditorOnly:0 RuntimeOnly:0 HLODRelevant:1 FolderPath:NewMap FolderGuid:5B5C5B15479AAD5A7ECC2EB1AC729902
 |   |   |- [+] [ 21]
 |   |   |   |- Guid:6C00C0604635C003A0702F86CC3EFE7B BaseClass: NativeClass:/Script/Engine.StaticMeshActor Name:StaticMeshActor_UAID_0026B986B1714C8C01_1783358391 Label:SM_Cube19 SpatiallyLoaded:1 Bounds:IsValid=true, Min=(X=-3300.000 Y=5210.000 Z=1260.000), Max=(X=-2800.000 Y=5710.000 Z=1310.000) RuntimeGrid:None EditorOnly:0 RuntimeOnly:0 HLODRelevant:1 FolderPath:NewMap FolderGuid:5B5C5B15479AAD5A7ECC2EB1AC729902
 |   |   |- [+] [ 22]
 |   |   |   |- Guid:394E3CF3496FA51F2D693EBD3C9E4721 BaseClass:/Game/ThirdPerson/Blueprints/RotatePlatform.RotatePlatform_C NativeClass:/Script/Engine.Actor Name:RotatePlatform_C_UAID_0026B986B1714D8C01_1088396568 Label:RotatePlatform SpatiallyLoaded:1 Bounds:IsValid=true, Min=(X=-3175.000 Y=5940.000 Z=1247.500), Max=(X=-2905.000 Y=6200.000 Z=1570.000) RuntimeGrid:None EditorOnly:0 RuntimeOnly:0 HLODRelevant:0 FolderPath:NewMap FolderGuid:5B5C5B15479AAD5A7ECC2EB1AC729902
 |   |   |- [+] [ 23]
 |   |   |   |- Guid:6EC6320A48E99AA84EDC0EBCDD330971 BaseClass: NativeClass:/Script/Engine.StaticMeshActor Name:StaticMeshActor_UAID_0026B986B1714D8C01_1471781570 Label:SM_Cube20 SpatiallyLoaded:1 Bounds:IsValid=true, Min=(X=-2850.000 Y=6410.000 Z=1260.000), Max=(X=-2600.000 Y=6660.000 Z=1285.000) RuntimeGrid:None EditorOnly:0 RuntimeOnly:0 HLODRelevant:1 FolderPath:NewMap FolderGuid:5B5C5B15479AAD5A7ECC2EB1AC729902
 |   |   |- [+] [ 24]
 |   |   |   |- Guid:843D6B2147D0E91AB18D5694E71187BF BaseClass:/Game/ThirdPerson/Blueprints/RotatePlatform.RotatePlatform_C NativeClass:/Script/Engine.Actor Name:RotatePlatform_C_UAID_0026B986B1714D8C01_1529294571 Label:RotatePlatform2 SpatiallyLoaded:1 Bounds:IsValid=true, Min=(X=-3175.000 Y=6890.000 Z=1247.500), Max=(X=-2905.000 Y=7150.000 Z=1570.000) RuntimeGrid:None EditorOnly:0 RuntimeOnly:0 HLODRelevant:0 FolderPath:NewMap FolderGuid:5B5C5B15479AAD5A7ECC2EB1AC729902
 |   |   |- [+] [ 25]
 |   |   |   |- Guid:9AE3415D461C7CE55C4B13A7BE8E3CC1 BaseClass: NativeClass:/Script/Engine.StaticMeshActor Name:StaticMeshActor_UAID_0026B986B1714D8C01_1547259572 Label:SM_Cube21 SpatiallyLoaded:1 Bounds:IsValid=true, Min=(X=-3540.000 Y=7340.000 Z=1260.000), Max=(X=-3290.000 Y=7590.000 Z=1285.000) RuntimeGrid:None EditorOnly:0 RuntimeOnly:0 HLODRelevant:1 FolderPath:NewMap FolderGuid:5B5C5B15479AAD5A7ECC2EB1AC729902
 |   |   |- [+] [ 26]
 |   |   |   |- Guid:CBF04EFF46629DDD94AF7DA9CC78B282 BaseClass:/Game/ThirdPerson/Blueprints/RotatePlatform.RotatePlatform_C NativeClass:/Script/Engine.Actor Name:RotatePlatform_C_UAID_0026B986B1714D8C01_1569169573 Label:RotatePlatform3 SpatiallyLoaded:1 Bounds:IsValid=true, Min=(X=-3175.000 Y=7770.000 Z=1247.500), Max=(X=-2905.000 Y=8030.000 Z=1570.000) RuntimeGrid:None EditorOnly:0 RuntimeOnly:0 HLODRelevant:0 FolderPath:NewMap FolderGuid:5B5C5B15479AAD5A7ECC2EB1AC729902
 |   |   |- [+] [ 27]
 |   |   |   |- Guid:6947990F43F4FFE201716EAD22BEF9DC BaseClass: NativeClass:/Script/Engine.StaticMeshActor Name:StaticMeshActor_UAID_0026B986B1714D8C01_1591541574 Label:SM_Cube22 SpatiallyLoaded:1 Bounds:IsValid=true, Min=(X=-3300.000 Y=8380.000 Z=1260.000), Max=(X=-2800.000 Y=8880.000 Z=1310.000) RuntimeGrid:None EditorOnly:0 RuntimeOnly:0 HLODRelevant:1 FolderPath:NewMap FolderGuid:5B5C5B15479AAD5A7ECC2EB1AC729902
 |- ContainerInstances:
 |- [+] MainContainer:
 |   |-        ID: 0x0000000000000000
 |   |-    Bounds: IsValid=false, Min=(X=0.000 Y=0.000 Z=0.000), Max=(X=0.000 Y=0.000 Z=0.000)
 |   |- Transform: 0.000000,0.000000,0.000000|0.000000,0.000000,-0.000000|1.000000,1.000000,1.000000
 |   |- Container: /Game/ThirdPerson/Maps/ThirdPersonMap
----------------------------------------------------------------------------------------------------------------
ThirdPersonMap - Persistent Level
----------------------------------------------------------------------------------------------------------------
Always loaded Actor Count: 46 

----------------------------------------------------------------------------------------------------------------
ThirdPersonMap - Runtime Spatial Hash - Streaming Grid - MainGrid
----------------------------------------------------------------------------------------------------------------
            Origin: X=0.000 Y=0.000 Z=0.000
         Cell Size: 12800
      World Bounds: IsValid=false, Min=(X=0.000 Y=0.000 Z=0.000), Max=(X=0.000 Y=0.000 Z=0.000)
     Loading Range: 25600.00
Block Slow Loading: No
 ClientOnlyVisible: No

[+] Grid Levels: 1
 |- Level  0: Cell Count    0 | Cell Size   12800 | Actor Count    0 (0.0%)

[+] Content of Grid Level 0

